The system is: Darwin - 14.3.0 - x86_64
Compiling the C compiler identification source file "CMakeCCompilerId.c" succeeded.
Compiler:  
Build flags: 
Id flags: 

The output was:
0
=== BUILD TARGET CompilerIdC OF PROJECT CompilerIdC WITH THE DEFAULT CONFIGURATION (Debug) ===

Check dependencies
2015-07-05 15:17:19.611 xcodebuild[40317:603605] [MT] DVTAssertions: Warning in /SourceCache/IDEFrameworks/IDEFrameworks-7720/IDEFoundation/SourceControl/Model/IDESourceControlManager.m:423
Details:  Error Domain=com.apple.dt.IDESourceControlErrorDomain Code=-1 "Missing extension: public.vcs.subversion" UserInfo=0x7f90dc6c76d0 {NSLocalizedDescription=Missing extension: public.vcs.subversion}
Object:   <IDESourceControlManager: 0x7f90dc6d2e80>
Method:   -loadRepositories
Thread:   <NSThread: 0x7f90d9d04730>{number = 1, name = main}
Please file a bug at http://bugreport.apple.com with this warning message and any useful information you can provide.

Write auxiliary files
/bin/mkdir -p /Users/zhoushiwei/Dropbox/dlib-18.10/Build/CMakeFiles/3.3.0-rc3/CompilerIdC/CompilerIdC.build/Debug/CompilerIdC.build
write-file /Users/zhoushiwei/Dropbox/dlib-18.10/Build/CMakeFiles/3.3.0-rc3/CompilerIdC/CompilerIdC.build/Debug/CompilerIdC.build/CompilerIdC-project-headers.hmap
write-file /Users/zhoushiwei/Dropbox/dlib-18.10/Build/CMakeFiles/3.3.0-rc3/CompilerIdC/CompilerIdC.build/Debug/CompilerIdC.build/CompilerIdC.hmap
write-file /Users/zhoushiwei/Dropbox/dlib-18.10/Build/CMakeFiles/3.3.0-rc3/CompilerIdC/CompilerIdC.build/Debug/CompilerIdC.build/CompilerIdC-generated-files.hmap
write-file /Users/zhoushiwei/Dropbox/dlib-18.10/Build/CMakeFiles/3.3.0-rc3/CompilerIdC/CompilerIdC.build/Debug/CompilerIdC.build/CompilerIdC-all-target-headers.hmap
write-file /Users/zhoushiwei/Dropbox/dlib-18.10/Build/CMakeFiles/3.3.0-rc3/CompilerIdC/CompilerIdC.build/Debug/CompilerIdC.build/CompilerIdC-own-target-headers.hmap
write-file /Users/zhoushiwei/Dropbox/dlib-18.10/Build/CMakeFiles/3.3.0-rc3/CompilerIdC/CompilerIdC.build/Debug/CompilerIdC.build/CompilerIdC-all-non-framework-target-headers.hmap
/bin/mkdir -p /Users/zhoushiwei/Dropbox/dlib-18.10/Build/CMakeFiles/3.3.0-rc3/CompilerIdC/CompilerIdC.build/Debug/CompilerIdC.build/Objects-normal/x86_64
write-file /Users/zhoushiwei/Dropbox/dlib-18.10/Build/CMakeFiles/3.3.0-rc3/CompilerIdC/CompilerIdC.build/Debug/CompilerIdC.build/Objects-normal/x86_64/CompilerIdC.LinkFileList
write-file /Users/zhoushiwei/Dropbox/dlib-18.10/Build/CMakeFiles/3.3.0-rc3/CompilerIdC/CompilerIdC.build/Debug/CompilerIdC.build/Script-2C8FEB8E15DC1A1A00E56A5D.sh
chmod 0755 /Users/zhoushiwei/Dropbox/dlib-18.10/Build/CMakeFiles/3.3.0-rc3/CompilerIdC/CompilerIdC.build/Debug/CompilerIdC.build/Script-2C8FEB8E15DC1A1A00E56A5D.sh

CompileC CompilerIdC.build/Debug/CompilerIdC.build/Objects-normal/x86_64/CMakeCCompilerId.o CMakeCCompilerId.c normal x86_64 c com.apple.compilers.llvm.clang.1_0.compiler
    cd /Users/zhoushiwei/Dropbox/dlib-18.10/Build/CMakeFiles/3.3.0-rc3/CompilerIdC
    export LANG=en_US.US-ASCII
    /Applications/Xcode.app/Contents/Developer/Toolchains/XcodeDefault.xctoolchain/usr/bin/clang -x c -arch x86_64 -fmessage-length=0 -fdiagnostics-show-note-include-stack -fmacro-backtrace-limit=0 -Wno-trigraphs -fpascal-strings -Os -Wno-missing-field-initializers -Wno-missing-prototypes -Wno-return-type -Wno-missing-braces -Wparentheses -Wswitch -Wno-unused-function -Wno-unused-label -Wno-unused-parameter -Wno-unused-variable -Wunused-value -Wno-empty-body -Wno-uninitialized -Wno-unknown-pragmas -Wno-shadow -Wno-four-char-constants -Wno-conversion -Wno-constant-conversion -Wno-int-conversion -Wno-bool-conversion -Wno-enum-conversion -Wno-shorten-64-to-32 -Wpointer-sign -Wno-newline-eof -isysroot /Applications/Xcode.app/Contents/Developer/Platforms/MacOSX.platform/Developer/SDKs/MacOSX10.10.sdk -fasm-blocks -fstrict-aliasing -Wdeprecated-declarations -mmacosx-version-min=10.10 -g -fvisibility=hidden -Wno-sign-conversion -I/Users/zhoushiwei/Dropbox/dlib-18.10/Build/CMakeFiles/3.3.0-rc3/CompilerIdC/CompilerIdC.build/Debug/CompilerIdC.build/CompilerIdC.hmap -I/Users/zhoushiwei/Dropbox/dlib-18.10/Build/CMakeFiles/3.3.0-rc3/CompilerIdC/include -I/Applications/Xcode.app/Contents/Developer/Toolchains/XcodeDefault.xctoolchain/usr/include -I/Users/zhoushiwei/Dropbox/dlib-18.10/Build/CMakeFiles/3.3.0-rc3/CompilerIdC/CompilerIdC.build/Debug/CompilerIdC.build/DerivedSources/x86_64 -I/Users/zhoushiwei/Dropbox/dlib-18.10/Build/CMakeFiles/3.3.0-rc3/CompilerIdC/CompilerIdC.build/Debug/CompilerIdC.build/DerivedSources -F/Users/zhoushiwei/Dropbox/dlib-18.10/Build/CMakeFiles/3.3.0-rc3/CompilerIdC -MMD -MT dependencies -MF /Users/zhoushiwei/Dropbox/dlib-18.10/Build/CMakeFiles/3.3.0-rc3/CompilerIdC/CompilerIdC.build/Debug/CompilerIdC.build/Objects-normal/x86_64/CMakeCCompilerId.d --serialize-diagnostics /Users/zhoushiwei/Dropbox/dlib-18.10/Build/CMakeFiles/3.3.0-rc3/CompilerIdC/CompilerIdC.build/Debug/CompilerIdC.build/Objects-normal/x86_64/CMakeCCompilerId.dia -c /Users/zhoushiwei/Dropbox/dlib-18.10/Build/CMakeFiles/3.3.0-rc3/CompilerIdC/CMakeCCompilerId.c -o /Users/zhoushiwei/Dropbox/dlib-18.10/Build/CMakeFiles/3.3.0-rc3/CompilerIdC/CompilerIdC.build/Debug/CompilerIdC.build/Objects-normal/x86_64/CMakeCCompilerId.o

Ld CompilerIdC normal x86_64
    cd /Users/zhoushiwei/Dropbox/dlib-18.10/Build/CMakeFiles/3.3.0-rc3/CompilerIdC
    export MACOSX_DEPLOYMENT_TARGET=10.10
    /Applications/Xcode.app/Contents/Developer/Toolchains/XcodeDefault.xctoolchain/usr/bin/clang -arch x86_64 -isysroot /Applications/Xcode.app/Contents/Developer/Platforms/MacOSX.platform/Developer/SDKs/MacOSX10.10.sdk -L/Users/zhoushiwei/Dropbox/dlib-18.10/Build/CMakeFiles/3.3.0-rc3/CompilerIdC -F/Users/zhoushiwei/Dropbox/dlib-18.10/Build/CMakeFiles/3.3.0-rc3/CompilerIdC -filelist /Users/zhoushiwei/Dropbox/dlib-18.10/Build/CMakeFiles/3.3.0-rc3/CompilerIdC/CompilerIdC.build/Debug/CompilerIdC.build/Objects-normal/x86_64/CompilerIdC.LinkFileList -mmacosx-version-min=10.10 -Xlinker -dependency_info -Xlinker /Users/zhoushiwei/Dropbox/dlib-18.10/Build/CMakeFiles/3.3.0-rc3/CompilerIdC/CompilerIdC.build/Debug/CompilerIdC.build/Objects-normal/x86_64/CompilerIdC_dependency_info.dat -o /Users/zhoushiwei/Dropbox/dlib-18.10/Build/CMakeFiles/3.3.0-rc3/CompilerIdC/CompilerIdC

PhaseScriptExecution Run\ Script CompilerIdC.build/Debug/CompilerIdC.build/Script-2C8FEB8E15DC1A1A00E56A5D.sh
    cd /Users/zhoushiwei/Dropbox/dlib-18.10/Build/CMakeFiles/3.3.0-rc3/CompilerIdC
    /bin/sh -c /Users/zhoushiwei/Dropbox/dlib-18.10/Build/CMakeFiles/3.3.0-rc3/CompilerIdC/CompilerIdC.build/Debug/CompilerIdC.build/Script-2C8FEB8E15DC1A1A00E56A5D.sh
GCC_VERSION=com.apple.compilers.llvm.clang.1_0

** BUILD SUCCEEDED **



Compilation of the C compiler identification source "CMakeCCompilerId.c" produced "CompilerIdC"

The C compiler identification is AppleClang, found in "/Users/zhoushiwei/Dropbox/dlib-18.10/build/CMakeFiles/3.3.0-rc3/CompilerIdC/CompilerIdC"

Compiling the CXX compiler identification source file "CMakeCXXCompilerId.cpp" succeeded.
Compiler:  
Build flags: ;-DDLIB_PNG_SUPPORT;-DDLIB_JPEG_SUPPORT;-DDLIB_USE_BLAS;-DDLIB_USE_LAPACK
Id flags: 

The output was:
0
=== BUILD TARGET CompilerIdCXX OF PROJECT CompilerIdCXX WITH THE DEFAULT CONFIGURATION (Debug) ===

Check dependencies

Write auxiliary files
/bin/mkdir -p /Users/zhoushiwei/Dropbox/dlib-18.10/Build/CMakeFiles/3.3.0-rc3/CompilerIdCXX/CompilerIdCXX.build/Debug/CompilerIdCXX.build
write-file /Users/zhoushiwei/Dropbox/dlib-18.10/Build/CMakeFiles/3.3.0-rc3/CompilerIdCXX/CompilerIdCXX.build/Debug/CompilerIdCXX.build/CompilerIdCXX-generated-files.hmap
write-file /Users/zhoushiwei/Dropbox/dlib-18.10/Build/CMakeFiles/3.3.0-rc3/CompilerIdCXX/CompilerIdCXX.build/Debug/CompilerIdCXX.build/Script-2C8FEB8E15DC1A1A00E56A5D.sh
chmod 0755 /Users/zhoushiwei/Dropbox/dlib-18.10/Build/CMakeFiles/3.3.0-rc3/CompilerIdCXX/CompilerIdCXX.build/Debug/CompilerIdCXX.build/Script-2C8FEB8E15DC1A1A00E56A5D.sh
/bin/mkdir -p /Users/zhoushiwei/Dropbox/dlib-18.10/Build/CMakeFiles/3.3.0-rc3/CompilerIdCXX/CompilerIdCXX.build/Debug/CompilerIdCXX.build/Objects-normal/x86_64
write-file /Users/zhoushiwei/Dropbox/dlib-18.10/Build/CMakeFiles/3.3.0-rc3/CompilerIdCXX/CompilerIdCXX.build/Debug/CompilerIdCXX.build/Objects-normal/x86_64/CompilerIdCXX.LinkFileList
write-file /Users/zhoushiwei/Dropbox/dlib-18.10/Build/CMakeFiles/3.3.0-rc3/CompilerIdCXX/CompilerIdCXX.build/Debug/CompilerIdCXX.build/CompilerIdCXX-own-target-headers.hmap
write-file /Users/zhoushiwei/Dropbox/dlib-18.10/Build/CMakeFiles/3.3.0-rc3/CompilerIdCXX/CompilerIdCXX.build/Debug/CompilerIdCXX.build/CompilerIdCXX-all-non-framework-target-headers.hmap
write-file /Users/zhoushiwei/Dropbox/dlib-18.10/Build/CMakeFiles/3.3.0-rc3/CompilerIdCXX/CompilerIdCXX.build/Debug/CompilerIdCXX.build/CompilerIdCXX.hmap
write-file /Users/zhoushiwei/Dropbox/dlib-18.10/Build/CMakeFiles/3.3.0-rc3/CompilerIdCXX/CompilerIdCXX.build/Debug/CompilerIdCXX.build/CompilerIdCXX-all-target-headers.hmap
write-file /Users/zhoushiwei/Dropbox/dlib-18.10/Build/CMakeFiles/3.3.0-rc3/CompilerIdCXX/CompilerIdCXX.build/Debug/CompilerIdCXX.build/CompilerIdCXX-project-headers.hmap

CompileC CompilerIdCXX.build/Debug/CompilerIdCXX.build/Objects-normal/x86_64/CMakeCXXCompilerId.o CMakeCXXCompilerId.cpp normal x86_64 c++ com.apple.compilers.llvm.clang.1_0.compiler
    cd /Users/zhoushiwei/Dropbox/dlib-18.10/Build/CMakeFiles/3.3.0-rc3/CompilerIdCXX
    export LANG=en_US.US-ASCII
    /Applications/Xcode.app/Contents/Developer/Toolchains/XcodeDefault.xctoolchain/usr/bin/clang -x c++ -arch x86_64 -fmessage-length=0 -fdiagnostics-show-note-include-stack -fmacro-backtrace-limit=0 -Wno-trigraphs -fpascal-strings -Os -Wno-missing-field-initializers -Wno-missing-prototypes -Wno-return-type -Wno-non-virtual-dtor -Wno-overloaded-virtual -Wno-exit-time-destructors -Wno-missing-braces -Wparentheses -Wswitch -Wno-unused-function -Wno-unused-label -Wno-unused-parameter -Wno-unused-variable -Wunused-value -Wno-empty-body -Wno-uninitialized -Wno-unknown-pragmas -Wno-shadow -Wno-four-char-constants -Wno-conversion -Wno-constant-conversion -Wno-int-conversion -Wno-bool-conversion -Wno-enum-conversion -Wno-shorten-64-to-32 -Wno-newline-eof -Wno-c++11-extensions -isysroot /Applications/Xcode.app/Contents/Developer/Platforms/MacOSX.platform/Developer/SDKs/MacOSX10.10.sdk -fasm-blocks -fstrict-aliasing -Wdeprecated-declarations -Winvalid-offsetof -mmacosx-version-min=10.10 -g -fvisibility=hidden -fvisibility-inlines-hidden -Wno-sign-conversion -I/Users/zhoushiwei/Dropbox/dlib-18.10/Build/CMakeFiles/3.3.0-rc3/CompilerIdCXX/CompilerIdCXX.build/Debug/CompilerIdCXX.build/CompilerIdCXX.hmap -I/Users/zhoushiwei/Dropbox/dlib-18.10/Build/CMakeFiles/3.3.0-rc3/CompilerIdCXX/include -I/Applications/Xcode.app/Contents/Developer/Toolchains/XcodeDefault.xctoolchain/usr/include -I/Users/zhoushiwei/Dropbox/dlib-18.10/Build/CMakeFiles/3.3.0-rc3/CompilerIdCXX/CompilerIdCXX.build/Debug/CompilerIdCXX.build/DerivedSources/x86_64 -I/Users/zhoushiwei/Dropbox/dlib-18.10/Build/CMakeFiles/3.3.0-rc3/CompilerIdCXX/CompilerIdCXX.build/Debug/CompilerIdCXX.build/DerivedSources -F/Users/zhoushiwei/Dropbox/dlib-18.10/Build/CMakeFiles/3.3.0-rc3/CompilerIdCXX -MMD -MT dependencies -MF /Users/zhoushiwei/Dropbox/dlib-18.10/Build/CMakeFiles/3.3.0-rc3/CompilerIdCXX/CompilerIdCXX.build/Debug/CompilerIdCXX.build/Objects-normal/x86_64/CMakeCXXCompilerId.d --serialize-diagnostics /Users/zhoushiwei/Dropbox/dlib-18.10/Build/CMakeFiles/3.3.0-rc3/CompilerIdCXX/CompilerIdCXX.build/Debug/CompilerIdCXX.build/Objects-normal/x86_64/CMakeCXXCompilerId.dia -c /Users/zhoushiwei/Dropbox/dlib-18.10/Build/CMakeFiles/3.3.0-rc3/CompilerIdCXX/CMakeCXXCompilerId.cpp -o /Users/zhoushiwei/Dropbox/dlib-18.10/Build/CMakeFiles/3.3.0-rc3/CompilerIdCXX/CompilerIdCXX.build/Debug/CompilerIdCXX.build/Objects-normal/x86_64/CMakeCXXCompilerId.o

Ld CompilerIdCXX normal x86_64
    cd /Users/zhoushiwei/Dropbox/dlib-18.10/Build/CMakeFiles/3.3.0-rc3/CompilerIdCXX
    export MACOSX_DEPLOYMENT_TARGET=10.10
    /Applications/Xcode.app/Contents/Developer/Toolchains/XcodeDefault.xctoolchain/usr/bin/clang++ -arch x86_64 -isysroot /Applications/Xcode.app/Contents/Developer/Platforms/MacOSX.platform/Developer/SDKs/MacOSX10.10.sdk -L/Users/zhoushiwei/Dropbox/dlib-18.10/Build/CMakeFiles/3.3.0-rc3/CompilerIdCXX -F/Users/zhoushiwei/Dropbox/dlib-18.10/Build/CMakeFiles/3.3.0-rc3/CompilerIdCXX -filelist /Users/zhoushiwei/Dropbox/dlib-18.10/Build/CMakeFiles/3.3.0-rc3/CompilerIdCXX/CompilerIdCXX.build/Debug/CompilerIdCXX.build/Objects-normal/x86_64/CompilerIdCXX.LinkFileList -mmacosx-version-min=10.10 -Xlinker -dependency_info -Xlinker /Users/zhoushiwei/Dropbox/dlib-18.10/Build/CMakeFiles/3.3.0-rc3/CompilerIdCXX/CompilerIdCXX.build/Debug/CompilerIdCXX.build/Objects-normal/x86_64/CompilerIdCXX_dependency_info.dat -o /Users/zhoushiwei/Dropbox/dlib-18.10/Build/CMakeFiles/3.3.0-rc3/CompilerIdCXX/CompilerIdCXX
2015-07-05 15:17:20.407 xcodebuild[40328:603653] [MT] DVTAssertions: Warning in /SourceCache/IDEFrameworks/IDEFrameworks-7720/IDEFoundation/SourceControl/Model/IDESourceControlManager.m:423
Details:  Error Domain=com.apple.dt.IDESourceControlErrorDomain Code=-1 "Missing extension: public.vcs.subversion" UserInfo=0x7fb16e129490 {NSLocalizedDescription=Missing extension: public.vcs.subversion}
Object:   <IDESourceControlManager: 0x7fb16cf93260>
Method:   -loadRepositories
Thread:   <NSThread: 0x7fb16a435fb0>{number = 1, name = main}
Please file a bug at http://bugreport.apple.com with this warning message and any useful information you can provide.

PhaseScriptExecution Run\ Script CompilerIdCXX.build/Debug/CompilerIdCXX.build/Script-2C8FEB8E15DC1A1A00E56A5D.sh
    cd /Users/zhoushiwei/Dropbox/dlib-18.10/Build/CMakeFiles/3.3.0-rc3/CompilerIdCXX
    /bin/sh -c /Users/zhoushiwei/Dropbox/dlib-18.10/Build/CMakeFiles/3.3.0-rc3/CompilerIdCXX/CompilerIdCXX.build/Debug/CompilerIdCXX.build/Script-2C8FEB8E15DC1A1A00E56A5D.sh
GCC_VERSION=com.apple.compilers.llvm.clang.1_0

** BUILD SUCCEEDED **



Compilation of the CXX compiler identification source "CMakeCXXCompilerId.cpp" produced "CompilerIdCXX"

The CXX compiler identification is AppleClang, found in "/Users/zhoushiwei/Dropbox/dlib-18.10/build/CMakeFiles/3.3.0-rc3/CompilerIdCXX/CompilerIdCXX"

Determining if the C compiler works passed with the following output:
Change Dir: /Users/zhoushiwei/Dropbox/dlib-18.10/build/CMakeFiles/CMakeTmp

Run Build Command:"/Applications/CMake.app/Contents/bin/cmakexbuild" "-project" "CMAKE_TRY_COMPILE.xcodeproj" "build" "-target" "cmTC_8fe75" "-configuration" "Debug"
=== BUILD TARGET cmTC_8fe75 OF PROJECT CMAKE_TRY_COMPILE WITH CONFIGURATION Debug ===

Check dependencies

Write auxiliary files
/bin/mkdir -p /Users/zhoushiwei/Dropbox/dlib-18.10/build/CMakeFiles/CMakeTmp/CMAKE_TRY_COMPILE.build/Debug/cmTC_8fe75.build/Objects-normal/x86_64
write-file /Users/zhoushiwei/Dropbox/dlib-18.10/build/CMakeFiles/CMakeTmp/CMAKE_TRY_COMPILE.build/Debug/cmTC_8fe75.build/Objects-normal/x86_64/cmTC_8fe75.LinkFileList

CompileC /Users/zhoushiwei/Dropbox/dlib-18.10/build/CMakeFiles/CMakeTmp/CMAKE_TRY_COMPILE.build/Debug/cmTC_8fe75.build/Objects-normal/x86_64/testCCompiler.o testCCompiler.c normal x86_64 c com.apple.compilers.llvm.clang.1_0.compiler
    cd /Users/zhoushiwei/Dropbox/dlib-18.10/Build/CMakeFiles/CMakeTmp
    export LANG=en_US.US-ASCII
    /Applications/Xcode.app/Contents/Developer/Toolchains/XcodeDefault.xctoolchain/usr/bin/clang -x c -arch x86_64 -fmessage-length=0 -fdiagnostics-show-note-include-stack -fmacro-backtrace-limit=0 -Wno-trigraphs -fpascal-strings -O0 -Wno-missing-field-initializers -Wno-missing-prototypes -Wno-return-type -Wno-missing-braces -Wparentheses -Wswitch -Wno-unused-function -Wno-unused-label -Wno-unused-parameter -Wno-unused-variable -Wunused-value -Wno-empty-body -Wno-uninitialized -Wno-unknown-pragmas -Wno-shadow -Wno-four-char-constants -Wno-conversion -Wno-constant-conversion -Wno-int-conversion -Wno-bool-conversion -Wno-enum-conversion -Wno-shorten-64-to-32 -Wpointer-sign -Wno-newline-eof -DCMAKE_INTDIR=\"Debug\" -isysroot /Applications/Xcode.app/Contents/Developer/Platforms/MacOSX.platform/Developer/SDKs/MacOSX10.10.sdk -fasm-blocks -fstrict-aliasing -Wdeprecated-declarations -mmacosx-version-min=10.10 -g -Wno-sign-conversion -I/Users/zhoushiwei/Dropbox/dlib-18.10/build/CMakeFiles/CMakeTmp/Debug/include -I/Applications/Xcode.app/Contents/Developer/Toolchains/XcodeDefault.xctoolchain/usr/include -I/Users/zhoushiwei/Dropbox/dlib-18.10/build/CMakeFiles/CMakeTmp/CMAKE_TRY_COMPILE.build/Debug/cmTC_8fe75.build/DerivedSources/x86_64 -I/Users/zhoushiwei/Dropbox/dlib-18.10/build/CMakeFiles/CMakeTmp/CMAKE_TRY_COMPILE.build/Debug/cmTC_8fe75.build/DerivedSources -Wmost -Wno-four-char-constants -Wno-unknown-pragmas -F/Users/zhoushiwei/Dropbox/dlib-18.10/build/CMakeFiles/CMakeTmp/Debug -MMD -MT dependencies -MF /Users/zhoushiwei/Dropbox/dlib-18.10/build/CMakeFiles/CMakeTmp/CMAKE_TRY_COMPILE.build/Debug/cmTC_8fe75.build/Objects-normal/x86_64/testCCompiler.d --serialize-diagnostics /Users/zhoushiwei/Dropbox/dlib-18.10/build/CMakeFiles/CMakeTmp/CMAKE_TRY_COMPILE.build/Debug/cmTC_8fe75.build/Objects-normal/x86_64/testCCompiler.dia -c /Users/zhoushiwei/Dropbox/dlib-18.10/Build/CMakeFiles/CMakeTmp/testCCompiler.c -o /Users/zhoushiwei/Dropbox/dlib-18.10/build/CMakeFiles/CMakeTmp/CMAKE_TRY_COMPILE.build/Debug/cmTC_8fe75.build/Objects-normal/x86_64/testCCompiler.o

Ld /Users/zhoushiwei/Dropbox/dlib-18.10/build/CMakeFiles/CMakeTmp/Debug/cmTC_8fe75 normal x86_64
    cd /Users/zhoushiwei/Dropbox/dlib-18.10/Build/CMakeFiles/CMakeTmp
    export MACOSX_DEPLOYMENT_TARGET=10.10
    /Applications/Xcode.app/Contents/Developer/Toolchains/XcodeDefault.xctoolchain/usr/bin/clang -arch x86_64 -isysroot /Applications/Xcode.app/Contents/Developer/Platforms/MacOSX.platform/Developer/SDKs/MacOSX10.10.sdk -L/Users/zhoushiwei/Dropbox/dlib-18.10/build/CMakeFiles/CMakeTmp/Debug -F/Users/zhoushiwei/Dropbox/dlib-18.10/build/CMakeFiles/CMakeTmp/Debug -filelist /Users/zhoushiwei/Dropbox/dlib-18.10/build/CMakeFiles/CMakeTmp/CMAKE_TRY_COMPILE.build/Debug/cmTC_8fe75.build/Objects-normal/x86_64/cmTC_8fe75.LinkFileList -mmacosx-version-min=10.10 -Wl,-search_paths_first -Wl,-headerpad_max_install_names -Xlinker -dependency_info -Xlinker /Users/zhoushiwei/Dropbox/dlib-18.10/build/CMakeFiles/CMakeTmp/CMAKE_TRY_COMPILE.build/Debug/cmTC_8fe75.build/Objects-normal/x86_64/cmTC_8fe75_dependency_info.dat -o /Users/zhoushiwei/Dropbox/dlib-18.10/build/CMakeFiles/CMakeTmp/Debug/cmTC_8fe75

** BUILD SUCCEEDED **



Detecting C compiler ABI info compiled with the following output:
Change Dir: /Users/zhoushiwei/Dropbox/dlib-18.10/build/CMakeFiles/CMakeTmp

Run Build Command:"/Applications/CMake.app/Contents/bin/cmakexbuild" "-project" "CMAKE_TRY_COMPILE.xcodeproj" "build" "-target" "cmTC_297c4" "-configuration" "Debug"
=== BUILD TARGET cmTC_297c4 OF PROJECT CMAKE_TRY_COMPILE WITH CONFIGURATION Debug ===

Check dependencies

Write auxiliary files
/bin/mkdir -p /Users/zhoushiwei/Dropbox/dlib-18.10/build/CMakeFiles/CMakeTmp/CMAKE_TRY_COMPILE.build/Debug/cmTC_297c4.build/Objects-normal/x86_64
write-file /Users/zhoushiwei/Dropbox/dlib-18.10/build/CMakeFiles/CMakeTmp/CMAKE_TRY_COMPILE.build/Debug/cmTC_297c4.build/Objects-normal/x86_64/cmTC_297c4.LinkFileList

CompileC /Users/zhoushiwei/Dropbox/dlib-18.10/build/CMakeFiles/CMakeTmp/CMAKE_TRY_COMPILE.build/Debug/cmTC_297c4.build/Objects-normal/x86_64/CMakeCCompilerABI.o /Applications/CMake.app/Contents/share/cmake-3.3/Modules/CMakeCCompilerABI.c normal x86_64 c com.apple.compilers.llvm.clang.1_0.compiler
    cd /Users/zhoushiwei/Dropbox/dlib-18.10/Build/CMakeFiles/CMakeTmp
    export LANG=en_US.US-ASCII
    /Applications/Xcode.app/Contents/Developer/Toolchains/XcodeDefault.xctoolchain/usr/bin/clang -x c -arch x86_64 -fmessage-length=0 -fdiagnostics-show-note-include-stack -fmacro-ba2015-07-05 15:17:21.277 xcodebuild[40357:603730] [MT] DVTAssertions: Warning in /SourceCache/IDEFrameworks/IDEFrameworks-7720/IDEFoundation/SourceControl/Model/IDESourceControlManager.m:423
Details:  Error Domain=com.apple.dt.IDESourceControlErrorDomain Code=-1 "Missing extension: public.vcs.subversion" UserInfo=0x7fa73b505f70 {NSLocalizedDescription=Missing extension: public.vcs.subversion}
Object:   <IDESourceControlManager: 0x7fa73d201cc0>
Method:   -loadRepositories
Thread:   <NSThread: 0x7fa73b503dd0>{number = 1, name = main}
cktrace-limit=0 -Wno-trigraphs -fpascal-strings -O0 -Wno-missing-field-initializers -Wno-missing-prototypes -Wno-return-type -Wno-missing-braces -Wparentheses -Wswitch -Wno-unused-function -Wno-unused-label -Wno-unused-parameter -Wno-unused-variable -Wunused-value -Wno-empty-body -Wno-uninitialized -Wno-unknown-pragmas -Wno-shadow -Wno-four-char-constants -Wno-conversion -Wno-constant-conversion -Wno-int-conversion -Wno-bool-conversion -Wno-enum-conversion -Wno-shorten-64-to-32 -Wpointer-sign -Wno-newline-eof -DCMAKE_INTDIR=\"Debug\" -isysroot /Applications/Xcode.app/Contents/Developer/Platforms/MacOSX.platform/Developer/SDKs/MacOSX10.10.sdk -fasm-blocks -fstrict-aliasing -Wdeprecated-declarations -mmacosx-version-min=10.10 -g -Wno-sign-conversion -I/Users/zhoushiwei/Dropbox/dlib-18.10/build/CMakeFiles/CMakeTmp/Debug/include -I/Applications/Xcode.app/Contents/Developer/Toolchains/XcodeDefault.xctoolchain/usr/include -I/Users/zhoushiwei/Dropbox/dlib-18.10/build/CMakeFiles/CMakeTmp/CMAKE_TRY_COMPILE.build/DebugPlease file a bug at http://bugreport.apple.com with this warning message and any useful information you can provide.
/cmTC_297c4.build/DerivedSources/x86_64 -I/Users/zhoushiwei/Dropbox/dlib-18.10/build/CMakeFiles/CMakeTmp/CMAKE_TRY_COMPILE.build/Debug/cmTC_297c4.build/DerivedSources -Wmost -Wno-four-char-constants -Wno-unknown-pragmas -F/Users/zhoushiwei/Dropbox/dlib-18.10/build/CMakeFiles/CMakeTmp/Debug -MMD -MT dependencies -MF /Users/zhoushiwei/Dropbox/dlib-18.10/build/CMakeFiles/CMakeTmp/CMAKE_TRY_COMPILE.build/Debug/cmTC_297c4.build/Objects-normal/x86_64/CMakeCCompilerABI.d --serialize-diagnostics /Users/zhoushiwei/Dropbox/dlib-18.10/build/CMakeFiles/CMakeTmp/CMAKE_TRY_COMPILE.build/Debug/cmTC_297c4.build/Objects-normal/x86_64/CMakeCCompilerABI.dia -c /Applications/CMake.app/Contents/share/cmake-3.3/Modules/CMakeCCompilerABI.c -o /Users/zhoushiwei/Dropbox/dlib-18.10/build/CMakeFiles/CMakeTmp/CMAKE_TRY_COMPILE.build/Debug/cmTC_297c4.build/Objects-normal/x86_64/CMakeCCompilerABI.o

Ld /Users/zhoushiwei/Dropbox/dlib-18.10/build/CMakeFiles/CMakeTmp/Debug/cmTC_297c4 normal x86_64
    cd /Users/zhoushiwei/Dropbox/dlib-18.10/Build/CMakeFiles/CMakeTmp
    export MACOSX_DEPLOYMENT_TARGET=10.10
    /Applications/Xcode.app/Contents/Developer/Toolchains/XcodeDefault.xctoolchain/usr/bin/clang -arch x86_64 -isysroot /Applications/Xcode.app/Contents/Developer/Platforms/MacOSX.platform/Developer/SDKs/MacOSX10.10.sdk -L/Users/zhoushiwei/Dropbox/dlib-18.10/build/CMakeFiles/CMakeTmp/Debug -F/Users/zhoushiwei/Dropbox/dlib-18.10/build/CMakeFiles/CMakeTmp/Debug -filelist /Users/zhoushiwei/Dropbox/dlib-18.10/build/CMakeFiles/CMakeTmp/CMAKE_TRY_COMPILE.build/Debug/cmTC_297c4.build/Objects-normal/x86_64/cmTC_297c4.LinkFileList -mmacosx-version-min=10.10 -v -Wl,-v -Wl,-search_paths_first -Wl,-headerpad_max_install_names -Xlinker -dependency_info -Xlinker /Users/zhoushiwei/Dropbox/dlib-18.10/build/CMakeFiles/CMakeTmp/CMAKE_TRY_COMPILE.build/Debug/cmTC_297c4.build/Objects-normal/x86_64/cmTC_297c4_dependency_info.dat -o /Users/zhoushiwei/Dropbox/dlib-18.10/build/CMakeFiles/CMakeTmp/Debug/cmTC_297c4
Apple LLVM version 6.1.0 (clang-602.0.53) (based on LLVM 3.6.0svn)
Target: x86_64-apple-darwin14.3.0
Thread model: posix
 "/Applications/Xcode.app/Contents/Developer/Toolchains/XcodeDefault.xctoolchain/usr/bin/ld" -demangle -dynamic -arch x86_64 -macosx_version_min 10.10.0 -syslibroot /Applications/Xcode.app/Contents/Developer/Platforms/MacOSX.platform/Developer/SDKs/MacOSX10.10.sdk -o /Users/zhoushiwei/Dropbox/dlib-18.10/build/CMakeFiles/CMakeTmp/Debug/cmTC_297c4 -L/Users/zhoushiwei/Dropbox/dlib-18.10/build/CMakeFiles/CMakeTmp/Debug -filelist /Users/zhoushiwei/Dropbox/dlib-18.10/build/CMakeFiles/CMakeTmp/CMAKE_TRY_COMPILE.build/Debug/cmTC_297c4.build/Objects-normal/x86_64/cmTC_297c4.LinkFileList -v -search_paths_first -headerpad_max_install_names -dependency_info /Users/zhoushiwei/Dropbox/dlib-18.10/build/CMakeFiles/CMakeTmp/CMAKE_TRY_COMPILE.build/Debug/cmTC_297c4.build/Objects-normal/x86_64/cmTC_297c4_dependency_info.dat -lSystem /Applications/Xcode.app/Contents/Developer/Toolchains/XcodeDefault.xctoolchain/usr/bin/../lib/clang/6.1.0/lib/darwin/libclang_rt.osx.a -F/Users/zhoushiwei/Dropbox/dlib-18.10/build/CMakeFiles/CMakeTmp/Debug
@(#)PROGRAM:ld  PROJECT:ld64-242.2
configured to support archs: armv6 armv7 armv7s arm64 i386 x86_64 x86_64h armv6m armv7m armv7em
Library search paths:
	/Users/zhoushiwei/Dropbox/dlib-18.10/build/CMakeFiles/CMakeTmp/Debug
	/Applications/Xcode.app/Contents/Developer/Platforms/MacOSX.platform/Developer/SDKs/MacOSX10.10.sdk/usr/lib
Framework search paths:
	/Users/zhoushiwei/Dropbox/dlib-18.10/build/CMakeFiles/CMakeTmp/Debug
	/Applications/Xcode.app/Contents/Developer/Platforms/MacOSX.platform/Developer/SDKs/MacOSX10.10.sdk/System/Library/Frameworks/

** BUILD SUCCEEDED **



Parsed C implicit link information from above output:
  link line regex: [^( *|.*[/\])(ld|([^/\]+-)?ld|collect2)[^/\]*( |$)]
  ignore line: [Change Dir: /Users/zhoushiwei/Dropbox/dlib-18.10/build/CMakeFiles/CMakeTmp]
  ignore line: []
  ignore line: [Run Build Command:"/Applications/CMake.app/Contents/bin/cmakexbuild" "-project" "CMAKE_TRY_COMPILE.xcodeproj" "build" "-target" "cmTC_297c4" "-configuration" "Debug"]
  ignore line: [=== BUILD TARGET cmTC_297c4 OF PROJECT CMAKE_TRY_COMPILE WITH CONFIGURATION Debug ===]
  ignore line: []
  ignore line: [Check dependencies]
  ignore line: []
  ignore line: [Write auxiliary files]
  ignore line: [/bin/mkdir -p /Users/zhoushiwei/Dropbox/dlib-18.10/build/CMakeFiles/CMakeTmp/CMAKE_TRY_COMPILE.build/Debug/cmTC_297c4.build/Objects-normal/x86_64]
  ignore line: [write-file /Users/zhoushiwei/Dropbox/dlib-18.10/build/CMakeFiles/CMakeTmp/CMAKE_TRY_COMPILE.build/Debug/cmTC_297c4.build/Objects-normal/x86_64/cmTC_297c4.LinkFileList]
  ignore line: []
  ignore line: [CompileC /Users/zhoushiwei/Dropbox/dlib-18.10/build/CMakeFiles/CMakeTmp/CMAKE_TRY_COMPILE.build/Debug/cmTC_297c4.build/Objects-normal/x86_64/CMakeCCompilerABI.o /Applications/CMake.app/Contents/share/cmake-3.3/Modules/CMakeCCompilerABI.c normal x86_64 c com.apple.compilers.llvm.clang.1_0.compiler]
  ignore line: [    cd /Users/zhoushiwei/Dropbox/dlib-18.10/Build/CMakeFiles/CMakeTmp]
  ignore line: [    export LANG=en_US.US-ASCII]
  ignore line: [    /Applications/Xcode.app/Contents/Developer/Toolchains/XcodeDefault.xctoolchain/usr/bin/clang -x c -arch x86_64 -fmessage-length=0 -fdiagnostics-show-note-include-stack -fmacro-ba2015-07-05 15:17:21.277 xcodebuild[40357:603730] [MT] DVTAssertions: Warning in /SourceCache/IDEFrameworks/IDEFrameworks-7720/IDEFoundation/SourceControl/Model/IDESourceControlManager.m:423]
  ignore line: [Details:  Error Domain=com.apple.dt.IDESourceControlErrorDomain Code=-1 "Missing extension: public.vcs.subversion" UserInfo=0x7fa73b505f70 {NSLocalizedDescription=Missing extension: public.vcs.subversion}]
  ignore line: [Object:   <IDESourceControlManager: 0x7fa73d201cc0>]
  ignore line: [Method:   -loadRepositories]
  ignore line: [Thread:   <NSThread: 0x7fa73b503dd0>{number = 1, name = main}]
  ignore line: [cktrace-limit=0 -Wno-trigraphs -fpascal-strings -O0 -Wno-missing-field-initializers -Wno-missing-prototypes -Wno-return-type -Wno-missing-braces -Wparentheses -Wswitch -Wno-unused-function -Wno-unused-label -Wno-unused-parameter -Wno-unused-variable -Wunused-value -Wno-empty-body -Wno-uninitialized -Wno-unknown-pragmas -Wno-shadow -Wno-four-char-constants -Wno-conversion -Wno-constant-conversion -Wno-int-conversion -Wno-bool-conversion -Wno-enum-conversion -Wno-shorten-64-to-32 -Wpointer-sign -Wno-newline-eof -DCMAKE_INTDIR=\"Debug\" -isysroot /Applications/Xcode.app/Contents/Developer/Platforms/MacOSX.platform/Developer/SDKs/MacOSX10.10.sdk -fasm-blocks -fstrict-aliasing -Wdeprecated-declarations -mmacosx-version-min=10.10 -g -Wno-sign-conversion -I/Users/zhoushiwei/Dropbox/dlib-18.10/build/CMakeFiles/CMakeTmp/Debug/include -I/Applications/Xcode.app/Contents/Developer/Toolchains/XcodeDefault.xctoolchain/usr/include -I/Users/zhoushiwei/Dropbox/dlib-18.10/build/CMakeFiles/CMakeTmp/CMAKE_TRY_COMPILE.build/DebugPlease file a bug at http://bugreport.apple.com with this warning message and any useful information you can provide.]
  ignore line: [/cmTC_297c4.build/DerivedSources/x86_64 -I/Users/zhoushiwei/Dropbox/dlib-18.10/build/CMakeFiles/CMakeTmp/CMAKE_TRY_COMPILE.build/Debug/cmTC_297c4.build/DerivedSources -Wmost -Wno-four-char-constants -Wno-unknown-pragmas -F/Users/zhoushiwei/Dropbox/dlib-18.10/build/CMakeFiles/CMakeTmp/Debug -MMD -MT dependencies -MF /Users/zhoushiwei/Dropbox/dlib-18.10/build/CMakeFiles/CMakeTmp/CMAKE_TRY_COMPILE.build/Debug/cmTC_297c4.build/Objects-normal/x86_64/CMakeCCompilerABI.d --serialize-diagnostics /Users/zhoushiwei/Dropbox/dlib-18.10/build/CMakeFiles/CMakeTmp/CMAKE_TRY_COMPILE.build/Debug/cmTC_297c4.build/Objects-normal/x86_64/CMakeCCompilerABI.dia -c /Applications/CMake.app/Contents/share/cmake-3.3/Modules/CMakeCCompilerABI.c -o /Users/zhoushiwei/Dropbox/dlib-18.10/build/CMakeFiles/CMakeTmp/CMAKE_TRY_COMPILE.build/Debug/cmTC_297c4.build/Objects-normal/x86_64/CMakeCCompilerABI.o]
  ignore line: []
  ignore line: [Ld /Users/zhoushiwei/Dropbox/dlib-18.10/build/CMakeFiles/CMakeTmp/Debug/cmTC_297c4 normal x86_64]
  ignore line: [    cd /Users/zhoushiwei/Dropbox/dlib-18.10/Build/CMakeFiles/CMakeTmp]
  ignore line: [    export MACOSX_DEPLOYMENT_TARGET=10.10]
  ignore line: [    /Applications/Xcode.app/Contents/Developer/Toolchains/XcodeDefault.xctoolchain/usr/bin/clang -arch x86_64 -isysroot /Applications/Xcode.app/Contents/Developer/Platforms/MacOSX.platform/Developer/SDKs/MacOSX10.10.sdk -L/Users/zhoushiwei/Dropbox/dlib-18.10/build/CMakeFiles/CMakeTmp/Debug -F/Users/zhoushiwei/Dropbox/dlib-18.10/build/CMakeFiles/CMakeTmp/Debug -filelist /Users/zhoushiwei/Dropbox/dlib-18.10/build/CMakeFiles/CMakeTmp/CMAKE_TRY_COMPILE.build/Debug/cmTC_297c4.build/Objects-normal/x86_64/cmTC_297c4.LinkFileList -mmacosx-version-min=10.10 -v -Wl,-v -Wl,-search_paths_first -Wl,-headerpad_max_install_names -Xlinker -dependency_info -Xlinker /Users/zhoushiwei/Dropbox/dlib-18.10/build/CMakeFiles/CMakeTmp/CMAKE_TRY_COMPILE.build/Debug/cmTC_297c4.build/Objects-normal/x86_64/cmTC_297c4_dependency_info.dat -o /Users/zhoushiwei/Dropbox/dlib-18.10/build/CMakeFiles/CMakeTmp/Debug/cmTC_297c4]
  ignore line: [Apple LLVM version 6.1.0 (clang-602.0.53) (based on LLVM 3.6.0svn)]
  ignore line: [Target: x86_64-apple-darwin14.3.0]
  ignore line: [Thread model: posix]
  reduced line: [ "/Applications/Xcode.app/Contents/Developer/Toolchains/XcodeDefault.xctoolchain/usr/bin/ld" -demangle -dynamic -arch x86_64 -macosx_version_min 10.10.0 -syslibroot /Applications/Xcode.app/Contents/Developer/Platforms/MacOSX.platform/Developer/SDKs/MacOSX10.10.sdk -o /Users/zhoushiwei/Dropbox/dlib-18.10/build/CMakeFiles/CMakeTmp/Debug/cmTC_297c4 -L/Users/zhoushiwei/Dropbox/dlib-18.10/build/CMakeFiles/CMakeTmp/Debug -filelist /Users/zhoushiwei/Dropbox/dlib-18.10/build/CMakeFiles/CMakeTmp/CMAKE_TRY_COMPILE.build/Debug/cmTC_297c4.build/Objects-normal/x86_64/cmTC_297c4.LinkFileList -v -search_paths_first -headerpad_max_install_names -dependency_info /Users/zhoushiwei/Dropbox/dlib-18.10/build/CMakeFiles/CMakeTmp/CMAKE_TRY_COMPILE.build/Debug/cmTC_297c4.build/Objects-normal/x86_64/cmTC_297c4_dependency_info.dat -lSystem /Applications/Xcode.app/Contents/Developer/Toolchains/XcodeDefault.xctoolchain/usr/bin/../lib/clang/6.1.0/lib/darwin/libclang_rt.osx.a -F/Users/zhoushiwei/Dropbox/dlib-18.10/build/CMakeFiles/CMakeTmp/Debug]
            to: [ "/Applications/Xcode.app/Contents/Developer/Toolchains/XcodeDefault.xctoolchain/usr/bin/ld" -demangle -dynamic -arch x86_64 -macosx_version_min 10.10.0 -syslibroot /Applications/Xcode.app/Contents/Developer/Platforms/MacOSX.platform/Developer/SDKs/MacOSX10.10.sdk -o /Users/zhoushiwei/Dropbox/dlib-18.10/build/CMakeFiles/CMakeTmp/Debug/cmTC_297c4 -filelist /Users/zhoushiwei/Dropbox/dlib-18.10/build/CMakeFiles/CMakeTmp/CMAKE_TRY_COMPILE.build/Debug/cmTC_297c4.build/Objects-normal/x86_64/cmTC_297c4.LinkFileList -v -search_paths_first -headerpad_max_install_names -dependency_info /Users/zhoushiwei/Dropbox/dlib-18.10/build/CMakeFiles/CMakeTmp/CMAKE_TRY_COMPILE.build/Debug/cmTC_297c4.build/Objects-normal/x86_64/cmTC_297c4_dependency_info.dat -lSystem /Applications/Xcode.app/Contents/Developer/Toolchains/XcodeDefault.xctoolchain/usr/bin/../lib/clang/6.1.0/lib/darwin/libclang_rt.osx.a ]
  link line: [ "/Applications/Xcode.app/Contents/Developer/Toolchains/XcodeDefault.xctoolchain/usr/bin/ld" -demangle -dynamic -arch x86_64 -macosx_version_min 10.10.0 -syslibroot /Applications/Xcode.app/Contents/Developer/Platforms/MacOSX.platform/Developer/SDKs/MacOSX10.10.sdk -o /Users/zhoushiwei/Dropbox/dlib-18.10/build/CMakeFiles/CMakeTmp/Debug/cmTC_297c4 -filelist /Users/zhoushiwei/Dropbox/dlib-18.10/build/CMakeFiles/CMakeTmp/CMAKE_TRY_COMPILE.build/Debug/cmTC_297c4.build/Objects-normal/x86_64/cmTC_297c4.LinkFileList -v -search_paths_first -headerpad_max_install_names -dependency_info /Users/zhoushiwei/Dropbox/dlib-18.10/build/CMakeFiles/CMakeTmp/CMAKE_TRY_COMPILE.build/Debug/cmTC_297c4.build/Objects-normal/x86_64/cmTC_297c4_dependency_info.dat -lSystem /Applications/Xcode.app/Contents/Developer/Toolchains/XcodeDefault.xctoolchain/usr/bin/../lib/clang/6.1.0/lib/darwin/libclang_rt.osx.a ]
    arg [/Applications/Xcode.app/Contents/Developer/Toolchains/XcodeDefault.xctoolchain/usr/bin/ld] ==> ignore
    arg [-demangle] ==> ignore
    arg [-dynamic] ==> ignore
    arg [-arch] ==> ignore
    arg [x86_64] ==> ignore
    arg [-macosx_version_min] ==> ignore
    arg [10.10.0] ==> ignore
    arg [-syslibroot] ==> ignore
    arg [/Applications/Xcode.app/Contents/Developer/Platforms/MacOSX.platform/Developer/SDKs/MacOSX10.10.sdk] ==> ignore
    arg [-o] ==> ignore
    arg [/Users/zhoushiwei/Dropbox/dlib-18.10/build/CMakeFiles/CMakeTmp/Debug/cmTC_297c4] ==> ignore
    arg [-filelist] ==> ignore
    arg [/Users/zhoushiwei/Dropbox/dlib-18.10/build/CMakeFiles/CMakeTmp/CMAKE_TRY_COMPILE.build/Debug/cmTC_297c4.build/Objects-normal/x86_64/cmTC_297c4.LinkFileList] ==> ignore
    arg [-v] ==> ignore
    arg [-search_paths_first] ==> ignore
    arg [-headerpad_max_install_names] ==> ignore
    arg [-dependency_info] ==> ignore
    arg [/Users/zhoushiwei/Dropbox/dlib-18.10/build/CMakeFiles/CMakeTmp/CMAKE_TRY_COMPILE.build/Debug/cmTC_297c4.build/Objects-normal/x86_64/cmTC_297c4_dependency_info.dat] ==> ignore
    arg [-lSystem] ==> lib [System]
    arg [/Applications/Xcode.app/Contents/Developer/Toolchains/XcodeDefault.xctoolchain/usr/bin/../lib/clang/6.1.0/lib/darwin/libclang_rt.osx.a] ==> lib [/Applications/Xcode.app/Contents/Developer/Toolchains/XcodeDefault.xctoolchain/usr/bin/../lib/clang/6.1.0/lib/darwin/libclang_rt.osx.a]
  Library search paths: [;/Users/zhoushiwei/Dropbox/dlib-18.10/build/CMakeFiles/CMakeTmp/Debug;/Applications/Xcode.app/Contents/Developer/Platforms/MacOSX.platform/Developer/SDKs/MacOSX10.10.sdk/usr/lib]
  Framework search paths: [;/Users/zhoushiwei/Dropbox/dlib-18.10/build/CMakeFiles/CMakeTmp/Debug;/Applications/Xcode.app/Contents/Developer/Platforms/MacOSX.platform/Developer/SDKs/MacOSX10.10.sdk/System/Library/Frameworks/]
  remove lib [System]
  collapse lib [/Applications/Xcode.app/Contents/Developer/Toolchains/XcodeDefault.xctoolchain/usr/bin/../lib/clang/6.1.0/lib/darwin/libclang_rt.osx.a] ==> [/Applications/Xcode.app/Contents/Developer/Toolchains/XcodeDefault.xctoolchain/usr/lib/clang/6.1.0/lib/darwin/libclang_rt.osx.a]
  collapse library dir [/Users/zhoushiwei/Dropbox/dlib-18.10/build/CMakeFiles/CMakeTmp/Debug] ==> [/Users/zhoushiwei/Dropbox/dlib-18.10/build/CMakeFiles/CMakeTmp/Debug], skipping non-system directory
  collapse library dir [/Applications/Xcode.app/Contents/Developer/Platforms/MacOSX.platform/Developer/SDKs/MacOSX10.10.sdk/usr/lib] ==> [/Applications/Xcode.app/Contents/Developer/Platforms/MacOSX.platform/Developer/SDKs/MacOSX10.10.sdk/usr/lib]
  collapse framework dir [/Users/zhoushiwei/Dropbox/dlib-18.10/build/CMakeFiles/CMakeTmp/Debug] ==> [/Users/zhoushiwei/Dropbox/dlib-18.10/build/CMakeFiles/CMakeTmp/Debug], skipping non-system directory
  collapse framework dir [/Applications/Xcode.app/Contents/Developer/Platforms/MacOSX.platform/Developer/SDKs/MacOSX10.10.sdk/System/Library/Frameworks/] ==> [/Applications/Xcode.app/Contents/Developer/Platforms/MacOSX.platform/Developer/SDKs/MacOSX10.10.sdk/System/Library/Frameworks]
  implicit libs: [/Applications/Xcode.app/Contents/Developer/Toolchains/XcodeDefault.xctoolchain/usr/lib/clang/6.1.0/lib/darwin/libclang_rt.osx.a]
  implicit dirs: [/Applications/Xcode.app/Contents/Developer/Platforms/MacOSX.platform/Developer/SDKs/MacOSX10.10.sdk/usr/lib]
  implicit fwks: [/Applications/Xcode.app/Contents/Developer/Platforms/MacOSX.platform/Developer/SDKs/MacOSX10.10.sdk/System/Library/Frameworks]




Detecting C [-std=c11] compiler features compiled with the following output:
Change Dir: /Users/zhoushiwei/Dropbox/dlib-18.10/build/CMakeFiles/CMakeTmp

Run Build Command:"/Applications/CMake.app/Contents/bin/cmakexbuild" "-project" "CMAKE_TRY_COMPILE.xcodeproj" "build" "-target" "cmTC_affbf" "-configuration" "Debug"
=== BUILD TARGET cmTC_affbf OF PROJECT CMAKE_TRY_COMPILE WITH CONFIGURATION Debug ===

Check dependencies

Write auxiliary files
/bin/mkdir -p /Users/zhoushiwei/Dropbox/dlib-18.10/build/CMakeFiles/CMakeTmp/CMAKE_TRY_COMPILE.build/Debug/cmTC_affbf.build/Objects-normal/x86_64
write-file /Users/zhoushiwei/Dropbox/dlib-18.10/build/CMakeFiles/CMakeTmp/CMAKE_TRY_COMPILE.build/Debug/cmTC_affbf.build/Objects-normal/x86_64/cmTC_affbf.LinkFileList

CompileC /Users/zhoushiwei/Dropbox/dlib-18.10/build/CMakeFiles/CMakeTmp/CMAKE_TRY_COMPILE.build/Debug/cmTC_affbf.build/Objects-normal/x86_64/feature_tests.o /Users/zhoushiwei/Dropbox/dlib-18.10/Build/CMakeFiles/feature_tests.c normal x86_64 c com.apple.compilers.llvm.clang.1_0.compiler
    cd /Users/zhoushiwei/Dropbox/dlib-18.10/Build/CMakeFiles/CMakeTmp
    export LANG=en_US.US-ASCII
    /Applications/Xcode.app/Contents/Developer/Toolchains/XcodeDefault.xctoolchain/usr/bin/clang -x c -arch x86_64 -fmessage-length=0 -fdiagnostics-show-note-include-stack -fmacro-backtrace-limit=0 -Wno-trigraphs -fpascal-strings -O0 -Wno-missing-field-initializers -Wno-missing-prototypes -Wno-return-type -Wno-missing-braces -Wparentheses -Wswitch -Wno-unused-function -Wno-unused-label -Wno-unused-parameter -Wno-unused-variable -Wunused-value -Wno-empty-body -Wno-uninitialized -Wno-unknown-pragmas -Wno-shadow -Wno-four-char-constants -Wno-conversion -Wno-constant-conversion -Wno-int-conversion -Wno-bool-conversion -Wno-enum-conversion -Wno-shorten-64-to-32 -Wpointer-sign -Wno-newline-eof -DCMAKE_INTDIR=\"Debug\" -isysroot /Applications/Xcode.app/Contents/Developer/Platforms/MacOSX.platform/Developer/SDKs/MacOSX10.10.sdk -fasm-blocks -fstrict-aliasing -Wdeprecated-declarations -mmacosx-version-min=10.10 -g -Wno-sign-conversion -I/Users/zhoushiwei/Dropbox/dlib-18.10/build/CMakeFiles/CMakeTmp/Debug/include -I/Applications/Xcode.app/Contents/Developer/Toolchains/XcodeDefault.xctoolchain/usr/include -I/Users/zhoushiwei/Dropbox/dlib-18.10/build/CMakeFiles/CMakeTmp/CMAKE_TRY_COMPILE.build/Debug/cmTC_affbf.build/DerivedSources/x86_64 -I/Users/zhoushiwei/Dropbox/dlib-18.10/build/CMakeFiles/CMakeTmp/CMAKE_TRY_COMPILE.build/Debug/cmTC_affbf.build/DerivedSources -Wmost -Wno-four-char-constants -Wno-unknown-pragmas -F/Users/zhoushiwei/Dropbox/dlib-18.10/build/CMakeFiles/CMakeTmp/Debug -std=c11 -MMD -MT dependencies -MF /Users/zhoushiwei/Dropbox/dlib-18.10/build/CMakeFiles/CMakeTmp/CMAKE_TRY_COMPILE.build/Debug/cmTC_affbf.build/Objects-normal/x86_64/feature_tests.d --serialize-diagnostics /Users/zhoushiwei/Dropbox/dlib-18.10/build/CMakeFiles/CMakeTmp/CMAKE_TRY_COMPILE.build/Debug/cmTC_affbf.build/Objects-normal/x86_64/feature_tests.dia -c /Users/zhoushiwei/Dropbox/dlib-18.10/Build/CMakeFiles/feature_tests.c -o /Users/zhoushiwei/Dropbox/dlib-18.10/build/CMakeFiles/CMakeTmp/CMAKE_TRY_COMPILE.build/Debug/cmTC_affbf.build/Objects-normal/x86_64/feature_tests.o

Ld /Users/zhoushiwei/Dropbox/dlib-18.10/build/CMakeFiles/CMakeTmp/Debug/cmTC_affbf normal x86_64
    cd /Users/zhoushiwei/Dropbox/dlib-18.10/Build/CMakeFiles/CMakeTmp
    export MACOSX_DEPLOYMENT_TARGET=10.10
    /Applications/Xcode.app/Contents/Developer/Toolchains/XcodeDefault.xctoolchain/usr/bin/clang -arch x86_64 -isysroot /Applications/Xcode.app/Contents/Developer/Platforms/MacOSX.platform/Developer/SDKs/MacOSX10.10.sdk -L/Users/zhoushiwei/Dropbox/dlib-18.10/build/CMakeFiles/CMakeTmp/Debug -F/Users/zhoushiwei/Dropbox/dlib-18.10/build/CMakeFiles/CMakeTmp/Debug -filelist /Users/zhoushiwei/Dropbox/dlib-18.10/build/CMakeFiles/CMakeTmp/CMAKE_TRY_COMPILE.build/Debug/cmTC_affbf.build/Objects-normal/x86_64/cmTC_affbf.LinkFileList -mmacosx-version-min=10.10 -Wl,-search_paths_first -Wl,-headerpad_max_install_names -Xlinker -dependency_info -Xlinker /Users/zhoushiwei/Dropbox/dlib-18.10/build/CMakeFiles/CMakeTmp/CMAKE_TRY_COMPILE.build/Debug/cmTC_affbf.build/Objects-normal/x86_64/cmTC_affbf_dependency_info.dat -o /Users/zhoushiwei/Dropbox/dlib-18.10/build/CMakeFiles/CMakeTmp/Debug/cmTC_affbf

** BUILD SUCCEEDED **



    Feature record: C_FEATURE:1c_function_prototypes
    Feature record: C_FEATURE:1c_restrict
    Feature record: C_FEATURE:1c_static_assert
    Feature record: C_FEATURE:1c_variadic_macros


Detecting C [-std=c99] compiler features compiled with the following output:
Change Dir: /Users/zhoushiwei/Dropbox/dlib-18.10/build/CMakeFiles/CMakeTmp

Run Build Command:"/Applications/CMake.app/Contents/bin/cmakexbuild" "-project" "CMAKE_TRY_COMPILE.xcodeproj" "build" "-target" "cmTC_fe347" "-configuration" "Debug"
=== BUILD TARGET cmTC_fe347 OF PROJECT CMAKE_TRY_COMPILE WITH CONFIGURATION Debug ===

Check dependencies

Write auxiliary files
/bin/mkdir -p /Users/zhoushiwei/Dropbox/dlib-18.10/build/CMakeFiles/CMakeTmp/CMAKE_TRY_COMPILE.build/Debug/cmTC_fe347.build/Objects-normal/x86_64
write-file /Users/zhoushiwei/Dropbox/dlib-18.10/build/CMakeFiles/CMakeTmp/CMAKE_TRY_COMPILE.build/Debug/cmTC_fe347.build/Objects-normal/x86_64/cmTC_fe347.LinkFileList

CompileC /Users/zhoushiwei/Dropbox/dlib-18.10/build/CMakeFiles/CMakeTmp/CMAKE_TRY_COMPILE.build/Debug/cmTC_fe347.build/Objects-normal/x86_64/feature_tests.o /Users/zhoushiwei/Dropbox/dlib-18.10/Build/CMakeFiles/feature_tests.c normal x86_64 c com.apple.compilers.llvm.clang.1_0.compiler
    cd /Users/zhoushiwei/Dropbox/dlib-18.10/Build/CMakeFiles/CMakeTmp
    export LANG=en_US.US-ASCII
    /Applications/Xcode.app/Contents/Developer/Toolchains/XcodeDefault.xctoolchain/usr/bin/clang -x c -arch x86_64 -fmessage-length=0 -fdiagnostics-show-note-include-stack -fmacro-backtrace-limit=0 -Wno-trigraphs -fpascal-strings -O0 -Wno-missing-field-initializers -Wno-missing-prototypes -Wno-return-type -Wno-missing-braces -Wparentheses -Wswitch -Wno-unused-function -Wno-unused-label -Wno-unused-parameter -Wno-unused-variable -Wunused-value -Wno-empty-body -Wno-uninitialized -Wno-unknown-pragmas -Wno-shadow -Wno-four-char-constants -Wno-conversion -Wno-constant-conversion -Wno-int-conversion -Wno-bool-conversion -Wno-enum-conversion -Wno-shorten-64-to-32 -Wpointer-sign -Wno-newline-eof -DCMAKE_INTDIR=\"Debug\" -isysroot /Applications/Xcode.app/Contents/Developer/Platforms/MacOSX.platform/Developer/SDKs/MacOSX10.10.sdk -fasm-blocks -fstrict-aliasing -Wdeprecated-declarations -mmacosx-version-min=10.10 -g -Wno-sign-conversion -I/Users/zhoushiwei/Dropbox/dlib-18.10/build/CMakeFiles/CMakeTmp/Debug/include -I/Applications/Xcode.app/Contents/Developer/Toolchains/XcodeDefault.xctoolchain/usr/include -I/Users/zhoushiwei/Dropbox/dlib-18.10/build/CMakeFiles/CMakeTmp/CMAKE_TRY_COMPILE.build/Debug/cmTC_fe347.build/DerivedSources/x86_64 -I/Users/zhoushiwei/Dropbox/dlib-18.10/build/CMakeFiles/CMakeTmp/CMAKE_TRY_COMPILE.build/Debug/cmTC_fe347.build/DerivedSources -Wmost -Wno-four-char-constants -Wno-unknown-pragmas -F/Users/zhoushiwei/Dropbox/dlib-18.10/build/CMakeFiles/CMakeTmp/Debug -std=c99 -MMD -MT dependencies -MF /Users/zhoushiwei/Dropbox/dlib-18.10/build/CMakeFiles/CMakeTmp/CMAKE_TRY_COMPILE.build/Debug/cmTC_fe347.build/Objects-normal/x86_64/feature_tests.d --serialize-diagnostics /Users/zhoushiwei/Dropbox/dlib-18.10/build/CMakeFiles/CMakeTmp/CMAKE_TRY_COMPILE.build/Debug/cmTC_fe347.build/Objects-normal/x86_64/feature_tests.dia -c /Users/zhoushiwei/Dropbox/dlib-18.10/Build/CMakeFiles/feature_tests.c -o /Users/zhoushiwei/Dropbox/dlib-18.10/build/CMakeFiles/CMakeTmp/CMAKE_TRY_COMPILE.build/Debug/cmTC_fe347.build/Objects-normal/x86_64/feature_tests.o

Ld /Users/zhoushiwei/Dropbox/dlib-18.10/build/CMakeFiles/CMakeTmp/Debug/cmTC_fe347 normal x86_64
    cd /Users/zhoushiwei/Dropbox/dlib-18.10/Build/CMakeFiles/CMakeTmp
    export MACOSX_DEPLOYMENT_TARGET=10.10
    /Applications/Xcode.app/Contents/Developer/Toolchains/XcodeDefault.xctoolchain/usr/bin/clang -arch x86_64 -isysroot /Applications/Xcode.app/Contents/Developer/Platforms/MacOSX.platform/Developer/SDKs/MacOSX10.10.sdk -L/Users/zhoushiwei/Dropbox/dlib-18.10/build/CMakeFiles/CMakeTmp/Debug -F/Users/zhoushiwei/Dropbox/dlib-18.10/build/CMakeFiles/CMakeTmp/Debug -filelist /Users/zhoushiwei/Dropbox/dlib-18.10/build/CMakeFiles/CMakeTmp/CMAKE_TRY_COMPILE.build/Debug/cmTC_fe347.build/Objects-normal/x86_64/cmTC_fe347.LinkFileList -mmacosx-version-min=10.10 -Wl,-search_paths_first -Wl,-headerpad_max_install_names -Xlinker -dependency_info -Xlinker /Users/zhoushiwei/Dropbox/dlib-18.10/build/CMakeFiles/CMakeTmp/CMAKE_TRY_COMPILE.build/Debug/cmTC_fe347.build/Objects-normal/x86_64/cmTC_fe347_dependency_info.dat -o /Users/zhoushiwei/Dropbox/dlib-18.10/build/CMakeFiles/CMakeTmp/Debug/cmTC_fe347

** BUILD SUCCEEDED **



    Feature record: C_FEATURE:1c_function_prototypes
    Feature record: C_FEATURE:1c_restrict
    Feature record: C_FEATURE:0c_static_assert
    Feature record: C_FEATURE:1c_variadic_macros


Detecting C [-std=c90] compiler features compiled with the following output:
Change Dir: /Users/zhoushiwei/Dropbox/dlib-18.10/build/CMakeFiles/CMakeTmp

Run Build Command:"/Applications/CMake.app/Contents/bin/cmakexbuild" "-project" "CMAKE_TRY_COMPILE.xcodeproj" "build" "-target" "cmTC_2a400" "-configuration" "Debug"
=== BUILD TARGET cmTC_2a400 OF PROJECT CMAKE_TRY_COMPILE WITH CONFIGURATION Debug ===

Check dependencies

Write auxiliary files
/bin/mkdir -p /Users/zhoushiwei/Dropbox/dlib-18.10/build/CMakeFiles/CMakeTmp/CMAKE_TRY_COMPILE.build/Debug/cmTC_2a400.build/Objects-normal/x86_64
write-file /Users/zhoushiwei/Dropbox/dlib-18.10/build/CMakeFiles/CMakeTmp/CMAKE_TRY_COMPILE.build/Debug/cmTC_2a400.build/Objects-normal/x86_64/cmTC_2a400.LinkFileList

CompileC /Users/zhoushiwei/Dropbox/dlib-18.10/build/CMakeFiles/CMakeTmp/CMAKE_TRY_COMPILE.build/Debug/cmTC_2a400.build/Objects-normal/x86_64/feature_tests.o /Users/zhoushiwei/Dropbox/dlib-18.10/Build/CMakeFiles/feature_tests.c normal x86_64 c com.apple.compilers.llvm.clang.1_0.compiler
    cd /Users/zhoushiwei/Dropbox/dlib-18.10/Build/CMakeFiles/CMakeTmp
    export LANG=en_US.US-ASCII
    /Applications/Xcode.app/Contents/Developer/Toolchains/XcodeDefault.xctoolchain/usr/bin/clang -x c -arch x86_64 -fmessage-length=0 -fdiagnostics-show-note-include-stack -fmacro-backtrace-limit=0 -Wno-trigraphs -fpascal-strings -O0 -Wno-missing-field-initializers -Wno-missing-prototypes -Wno-return-type -Wno-missing-braces -Wparentheses -Wswitch -Wno-unused-function -Wno-unused-label -Wno-unused-parameter -Wno-unused-variable -Wunused-value -Wno-empty-body -Wno-uninitialized -Wno-unknown-pragmas -Wno-shadow -Wno-four-char-constants -Wno-conversion -Wno-constant-conversion -Wno-int-conversion -Wno-bool-conversion -Wno-enum-conversion -Wno-shorten-64-to-32 -Wpointer-sign -Wno-newline-eof -DCMAKE_INTDIR=\"Debug\" -isysroot /Applications/Xcode.app/Contents/Developer/Platforms/MacOSX.platform/Developer/SDKs/MacOSX10.10.sdk -fasm-blocks -fstrict-aliasing -Wdeprecated-declarations -mmacosx-version-min=10.10 -g -Wno-sign-conversion -I/Users/zhoushiwei/Dropbox/dlib-18.10/build/CMakeFiles/CMakeTmp/Debug/include -I/Applications/Xcode.app/Contents/Developer/Toolchains/XcodeDefault.xctoolchain/usr/include -I/Users/zhoushiwei/Dropbox/dlib-18.10/build/CMakeFiles/CMakeTmp/CMAKE_TRY_COMPILE.build/Debug/cmTC_2a400.build/DerivedSources/x86_64 -I/Users/zhoushiwei/Dropbox/dlib-18.10/build/CMakeFiles/CMakeTmp/CMAKE_TRY_COMPILE.build/Debug/cmTC_2a400.build/DerivedSources -Wmost -Wno-four-char-constants -Wno-unknown-pragmas -F/Users/zhoushiwei/Dropbox/dlib-18.10/build/CMakeFiles/CMakeTmp/Debug -std=c90 -MMD -MT dependencies -MF /Users/zhoushiwei/Dropbox/dlib-18.10/build/CMakeFiles/CMakeTmp/CMAKE_TRY_COMPILE.build/Debug/cmTC_2a400.build/Objects-normal/x86_64/feature_tests.d --serialize-diagnostics /Users/zhoushiwei/Dropbox/dlib-18.10/build/CMakeFiles/CMakeTmp/CMAKE_TRY_COMPILE.build/Debug/cmTC_2a400.build/Objects-normal/x86_64/feature_tests.dia -c /Users/zhoushiwei/Dropbox/dlib-18.10/Build/CMakeFiles/feature_tests.c -o /Users/zhoushiwei/Dropbox/dlib-18.10/build/CMakeFiles/CMakeTmp/CMAKE_TRY_COMPILE.build/Debug/cmTC_2a400.build/Objects-normal/x86_64/feature_tests.o

Ld /Users/zhoushiwei/Dropbox/dlib-18.10/build/CMakeFiles/CMakeTmp/Debug/cmTC_2a400 normal x86_64
    cd /Users/zhoushiwei/Dropbox/dlib-18.10/Build/CMakeFiles/CMakeTmp
    export MACOSX_DEPLOYMENT_TARGET=10.10
    /Applications/Xcode.app/Contents/Developer/Toolchains/XcodeDefault.xctoolchain/usr/bin/clang -arch x86_64 -isysroot /Applications/Xcode.app/Contents/Developer/Platforms/MacOSX.platform/Developer/SDKs/MacOSX10.10.sdk -L/Users/zhoushiwei/Dropbox/dlib-18.10/build/CMakeFiles/CMakeTmp/Debug -F/Users/zhoushiwei/Dropbox/dlib-18.10/build/CMakeFiles/CMakeTmp/Debug -filelist /Users/zhoushiwei/Dropbox/dlib-18.10/build/CMakeFiles/CMakeTmp/CMAKE_TRY_COMPILE.build/Debug/cmTC_2a400.build/Objects-normal/x86_64/cmTC_2a400.LinkFileList -mmacosx-version-min=10.10 -Wl,-search_paths_first -Wl,-headerpad_max_install_names -Xlinker -dependency_info -Xlinker /Users/zhoushiwei/Dropbox/dlib-18.10/build/CMakeFiles/CMakeTmp/CMAKE_TRY_COMPILE.build/Debug/cmTC_2a400.build/Objects-normal/x86_64/cmTC_2a400_dependency_info.dat -o /Users/zhoushiwei/Dropbox/dlib-18.10/build/CMakeFiles/CMakeTmp/Debug/cmTC_2a400

** BUILD SUCCEEDED **



    Feature record: C_FEATURE:1c_function_prototypes
    Feature record: C_FEATURE:0c_restrict
    Feature record: C_FEATURE:0c_static_assert
    Feature record: C_FEATURE:0c_variadic_macros
Determining if the CXX compiler works passed with the following output:
Change Dir: /Users/zhoushiwei/Dropbox/dlib-18.10/build/CMakeFiles/CMakeTmp

Run Build Command:"/Applications/CMake.app/Contents/bin/cmakexbuild" "-project" "CMAKE_TRY_COMPILE.xcodeproj" "build" "-target" "cmTC_63f5e" "-configuration" "Debug"
=== BUILD TARGET cmTC_63f5e OF PROJECT CMAKE_TRY_COMPILE WITH CONFIGURATION Debug ===

Check dependencies

Write auxiliary files
/bin/mkdir -p /Users/zhoushiwei/Dropbox/dlib-18.10/build/CMakeFiles/CMakeTmp/CMAKE_TRY_COMPILE.build/Debug/cmTC_63f5e.build/Objects-normal/x86_64
write-file /Users/zhoushiwei/Dropbox/dlib-18.10/build/CMakeFiles/CMakeTmp/CMAKE_TRY_COMPILE.build/Debug/cmTC_63f5e.build/Objects-normal/x86_64/cmTC_63f5e.LinkFileList

CompileC /Users/zhoushiwei/Dropbox/dlib-18.10/build/CMakeFiles/CMakeTmp/CMAKE_TRY_COMPILE.build/Debug/cmTC_63f5e.build/Objects-normal/x86_64/testCXXCompiler.o testCXXCompiler.cxx normal x86_64 c++ com.apple.compilers.llvm.clang.1_0.compiler
    cd /Users/zhoushiwei/Dropbox/dlib-18.10/Build/CMakeFiles/CMakeTmp
    export LANG=en_US.US-ASCII
    /Applications/Xcode.app/Contents/Developer/Toolchains/XcodeDefault.xctoolchain/usr/bin/clang -x c++ -arch x86_64 -fmessage-length=0 -fdiagnostics-show-note-include-stack -fmacro-backtrace-limit=0 -Wno-trigraphs -fpascal-strings -O0 -Wno-missing-field-initializers -Wno-missing-prototypes -Wno-return-type -Wno-non-virtual-dtor -Wno-overloaded-virtual -Wno-exit-time-destructors -Wno-missing-braces -Wparentheses -Wswitch -Wno-unused-function -Wno-unused-label -Wno-unused-parameter -Wno-unused-variable -Wunused-value -Wno-empty-body -Wno-uninitialized -Wno-unknown-pragmas -Wno-shadow -Wno-four-char-constants -Wno-conversion -Wno-constant-conversion -Wno-int-conversion -Wno-bool-conversion -Wno-enum-conversion -Wno-shorten-64-to-32 -Wno-newline-eof -Wno-c++11-extensions -DCMAKE_INTDIR=\"Debug\" -isysroot /Applications/Xcode.app/Contents/Developer/Platforms/MacOSX.platform/Developer/SDKs/MacOSX10.10.sdk -fasm-blocks -fstrict-aliasing -Wdeprecated-declarations -Winvalid-offsetof -mmacosx-version-min=10.10 -g -Wno-sign-conversion -I/Users/zhoushiwei/Dropbox/dlib-18.10/build/CMakeFiles/CMakeTmp/Debug/include -I/Applications/Xcode.app/Contents/Developer/Toolchains/XcodeDefault.xctoolchain/usr/include -I/Users/zhoushiwei/Dropbox/dlib-18.10/build/CMakeFiles/CMakeTmp/CMAKE_TRY_COMPILE.build/Debug/cmTC_63f5e.build/DerivedSources/x86_64 -I/Users/zhoushiwei/Dropbox/dlib-18.10/build/CMakeFiles/CMakeTmp/CMAKE_TRY_COMPILE.build/Debug/cmTC_63f5e.build/DerivedSources -Wmost -Wno-four-char-constants -Wno-unknown-pragmas -F/Users/zhoushiwei/Dropbox/dlib-18.10/build/CMakeFiles/CMakeTmp/Debug -DDLIB_PNG_SUPPORT -DDLIB_JPEG_SUPPORT -DDLIB_USE_BLAS -DDLIB_USE_LAPACK -MMD -MT dependencies -MF /Users/zhoushiwei/Dropbox/dlib-18.10/build/CMakeFiles/CMakeTmp/CMAKE_TRY_COMPILE.build/Debug/cmTC_63f5e.build/Objects-normal/x86_64/testCXXCompiler.d --serialize-diagnostics /Users/zhoushiwei/Dropbox/dlib-18.10/build/CMakeFiles/CMakeTmp/CMAKE_TRY_COMPILE.build/Debug/cmTC_63f5e.build/Objects-normal/x86_64/testCXXCompiler.dia -c /Users/zhoushiwei/Dropbox/dlib-18.10/Build/CMakeFiles/CMakeTmp/testCXXCompiler.cxx -o /Users/zhoushiwei/Dropbox/dlib-18.10/build/CMakeFiles/CMakeTmp/CMAKE_TRY_COMPILE.build/Debug/cmTC_63f5e.build/Objects-normal/x86_64/testCXXCompiler.o

Ld /Users/zhoushiwei/Dropbox/dlib-18.10/build/CMakeFiles/CMakeTmp/Debug/cmTC_63f5e normal x86_64
    cd /Users/zhoushiwei/Dropbox/dlib-18.10/Build/CMakeFiles/CMakeTmp
    export MACOSX_DEPLOYMENT_TARGET=10.10
    /Applications/Xcode.app/Contents/Developer/Toolchains/XcodeDefault.xctoolchain/usr/bin/clang++ -arch x86_64 -isysroot /Applications/Xcode.app/Contents/Developer/Platforms/MacOSX.platform/Developer/SDKs/MacOSX10.10.sdk -L/Users/zhoushiwei/Dropbox/dlib-18.10/build/CMakeFiles/CMakeTmp/Debug -F/Users/zhoushiwei/Dropbox/dlib-18.10/build/CMakeFiles/CMakeTmp/Debug -filelist /Users/zhoushiwei/Dropbox/dlib-18.10/build/CMakeFiles/CMakeTmp/CMAKE_TRY_COMPILE.build/Debug/cmTC_63f5e.build/Objects-normal/x86_64/cmTC_63f5e.LinkFileList -mmacosx-version-min=10.10 -Wl,-search_paths_first -Wl,-headerpad_max_install_names -Xlinker -dependency_info -Xlinker /Users/zhoushiwei/Dropbox/dlib-18.10/build/CMakeFiles/CMakeTmp/CMAKE_TRY_COMPILE.build/Debug/cmTC_63f5e.build/Objects-normal/x86_64/cmTC_63f5e_dependency_info.dat -o /Users/zhoushiwei/Dropbox/dlib-18.10/build/CMakeFiles/CMakeTmp/Debug/cmTC_63f5e

** BUILD SUCCEEDED **



Detecting CXX compiler ABI info compiled with the following output:
Change Dir: /Users/zhoushiwei/Dropbox/dlib-18.10/build/CMakeFiles/CMakeTmp

Run Build Command:"/Applications/CMake.app/Contents/bin/cmakexbuild" "-project" "CMAKE_TRY_COMPILE.xcodeproj" "build" "-target" "cmTC_18f91" "-configuration" "Debug"
=== BUILD TARGET cmTC_18f91 OF PROJECT CMAKE_TRY_COMPILE WITH CONFIGURATION Debug ===

Check dependencies

Write auxiliary files
/bin/mkdir -p /Users/zhoushiwei/Dropbox/dlib-18.10/build/CMakeFiles/CMakeTmp/CMAKE_TRY_COMPILE.build/Debug/cmTC_18f91.build/Objects-normal/x86_64
write-file /Users/zhoushiwei/Dropbox/dlib-18.10/build/CMakeFiles/CMakeTmp/CMAKE_TRY_COMPILE.build/Debug/cmTC_18f91.build/Objects-normal/x86_64/cmTC_18f91.LinkFileList

CompileC /Users/zhoushiwei/Dropbox/dlib-18.10/build/CMakeFiles/CMakeTmp/CMAKE_TRY_COMPILE.build/Debug/cmTC_18f91.build/Objects-normal/x86_64/CMakeCXXCompilerABI.o /Applications/CMake.app/Contents/share/cmake-3.3/Modules/CMakeCXXCompilerABI.cpp normal x86_64 c++ com.apple.compilers.llvm.clang.1_0.compiler
    cd /Users/zhoushiwei/Dropbox/dlib-18.10/Build/CMakeFiles/CMakeTmp
    export LANG=en_US.US-ASCII
    /Applications/Xcode.app/Contents/Developer/Toolchains/XcodeDefault.xctoolchain/usr/bin/clang -x c++ -arch x86_64 -fmessage-length=0 -fdiagnostics-show-note-include-stack -fmacro-backtrace-limit=0 -Wno-trigraphs -fpascal-strings -O0 -Wno-missing-field-initializers -Wno-missing-prototypes -Wno-return-type -Wno-non-virtual-dtor -Wno-overloaded-virtual -Wno-exit-time-destructors -Wno-missing-braces -Wparentheses -Wswitch -Wno-unused-function -Wno-unused-label -Wno-unused-parameter -Wno-unused-variable -Wunused-value -Wno-empty-body -Wno-uninitialized -Wno-unknown-pragmas -Wno-shadow -Wno-four-char-constants -Wno-conversion -Wno-constant-conversion -Wno-int-conversion -Wno-bool-conversion -Wno-enum-conversion -Wno-shorten-64-to-32 -Wno-newline-eof -Wno-c++11-extensions -DCMAKE_INTDIR=\"Debug\" -isysroot /Applications/Xcode.app/Contents/Developer/Platforms/MacOSX.platform/Developer/SDKs/MacOSX10.10.sdk -fasm-blocks -fstrict-aliasing -Wdeprecated-declarations -Winvalid-offsetof -mmacosx-version-min=10.10 -g -Wno-sign-conversion -I/Users/zhoushiwei/Dropbox/dlib-18.10/build/CMakeFiles/CMakeTmp/Debug/include -I/Applications/Xcode.app/Contents/Developer/Toolchains/XcodeDefault.xctoolchain/usr/include -I/Users/zhoushiwei/Dropbox/dlib-18.10/build/CMakeFiles/CMakeTmp/CMAKE_TRY_COMPILE.build/Debug/cmTC_18f91.build/DerivedSources/x86_64 -I/Users/zhoushiwei/Dropbox/dlib-18.10/build/CMakeFiles/CMakeTmp/CMAKE_TRY_COMPILE.build/Debug/cmTC_18f91.build/DerivedSources -Wmost -Wno-four-char-constants -Wno-unknown-pragmas -F/Users/zhoushiwei/Dropbox/dlib-18.10/build/CMakeFiles/CMakeTmp/Debug -DDLIB_PNG_SUPPORT -DDLIB_JPEG_SUPPORT -DDLIB_USE_BLAS -DDLIB_USE_LAPACK -MMD -MT dependencies -MF /Users/zhoushiwei/Dropbox/dlib-18.10/build/CMakeFiles/CMakeTmp/CMAKE_TRY_COMPILE.build/Debug/cmTC_18f91.build/Objects-normal/x86_64/CMakeCXXCompilerABI.d --serialize-diagnostics /Users/zhoushiwei/Dropbox/dlib-18.10/build/CMakeFiles/CMakeTmp/CMAKE_TRY_COMPILE.build/Debug/cmTC_18f91.build/Objects-normal/x86_64/CMakeCXXCompilerABI.dia -c /Applications/CMake.app/Contents/share/cmake-3.3/Modules/CMakeCXXCompilerABI.cpp -o /Users/zhoushiwei/Dropbox/dlib-18.10/build/CMakeFiles/CMakeTmp/CMAKE_TRY_COMPILE.build/Debug/cmTC_18f91.build/Objects-normal/x86_64/CMakeCXXCompilerABI.o

Ld /Users/zhoushiwei/Dropbox/dlib-18.10/build/CMakeFiles/CMakeTmp/Debug/cmTC_18f91 normal x86_64
    cd /Users/zhoushiwei/Dropbox/dlib-18.10/Build/CMakeFiles/CMakeTmp
    export MACOSX_DEPLOYMENT_TARGET=10.10
    /Applications/Xcode.app/Contents/Developer/Toolchains/XcodeDefault.xctoolchain/usr/bin/clang++ -arch x86_64 -isysroot /Applications/Xcode.app/Contents/Developer/Platforms/MacOSX.platform/Developer/SDKs/MacOSX10.10.sdk -L/Users/zhoushiwei/Dropbox/dlib-18.10/build/CMakeFiles/CMakeTmp/Debug -F/Users/zhoushiwei/Dropbox/dlib-18.10/build/CMakeFiles/CMakeTmp/Debug -filelist /Users/zhoushiwei/Dropbox/dlib-18.10/build/CMakeFiles/CMakeTmp/CMAKE_TRY_COMPILE.build/Debug/cmTC_18f91.build/Objects-normal/x86_64/cmTC_18f91.LinkFileList -mmacosx-version-min=10.10 -v -Wl,-v -Wl,-search_paths_first -Wl,-headerpad_max_install_names -Xlinker -dependency_info -Xlinker /Users/zhoushiwei/Dropbox/dlib-18.10/build/CMakeFiles/CMakeTmp/CMAKE_TRY_COMPILE.build/Debug/cmTC_18f91.build/Objects-normal/x86_64/cmTC_18f91_dependency_info.dat -o /Users/zhoushiwei/Dropbox/dlib-18.10/build/CMakeFiles/CMakeTmp/Debug/cmTC_18f91
Apple LLVM version 6.1.0 (clang-602.0.53) (based on LLVM 3.6.0svn)
Target: x86_64-apple-darwin14.3.0
Thread model: posix
 "/Applications/Xcode.app/Contents/Developer/Toolchains/XcodeDefault.xctoolchain/usr/bin/ld" -demangle -dynamic -arch x86_64 -macosx_version_min 10.10.0 -syslibroot /Applications/Xcode.app/Contents/Developer/Platforms/MacOSX.platform/Developer/SDKs/MacOSX10.10.sdk -o /Users/zhoushiwei/Dropbox/dlib-18.10/build/CMakeFiles/CMakeTmp/Debug/cmTC_18f91 -L/Users/zhoushiwei/Dropbox/dlib-18.10/build/CMakeFiles/CMakeTmp/Debug -filelist /Users/zhoushiwei/Dropbox/dlib-18.10/build/CMakeFiles/CMakeTmp/CMAKE_TRY_COMPILE.build/Debug/cmTC_18f91.build/Objects-normal/x86_64/cmTC_18f91.LinkFileList -v -search_paths_first -headerpad_max_install_names -dependency_info /Users/zhoushiwei/Dropbox/dlib-18.10/build/CMakeFiles/CMakeTmp/CMAKE_TRY_COMPILE.build/Debug/cmTC_18f91.build/Objects-normal/x86_64/cmTC_18f91_dependency_info.dat -lc++ -lSystem /Applications/Xcode.app/Contents/Developer/Toolchains/XcodeDefault.xctoolchain/usr/bin/../lib/clang/6.1.0/lib/darwin/libclang_rt.osx.a -F/Users/zhoushiwei/Dropbox/dlib-18.10/build/CMakeFiles/CMakeTmp/Debug
@(#)PROGRAM:ld  PROJECT:ld64-242.2
configured to support archs: armv6 armv7 armv7s arm64 i386 x86_64 x86_64h armv6m armv7m armv7em
Library search paths:
	/Users/zhoushiwei/Dropbox/dlib-18.10/build/CMakeFiles/CMakeTmp/Debug
	/Applications/Xcode.app/Contents/Developer/Platforms/MacOSX.platform/Developer/SDKs/MacOSX10.10.sdk/usr/lib
Framework search paths:
	/Users/zhoushiwei/Dropbox/dlib-18.10/build/CMakeFiles/CMakeTmp/Debug
	/Applications/Xcode.app/Contents/Developer/Platforms/MacOSX.platform/Developer/SDKs/MacOSX10.10.sdk/System/Library/Frameworks/

** BUILD SUCCEEDED **



Parsed CXX implicit link information from above output:
  link line regex: [^( *|.*[/\])(ld|([^/\]+-)?ld|collect2)[^/\]*( |$)]
  ignore line: [Change Dir: /Users/zhoushiwei/Dropbox/dlib-18.10/build/CMakeFiles/CMakeTmp]
  ignore line: []
  ignore line: [Run Build Command:"/Applications/CMake.app/Contents/bin/cmakexbuild" "-project" "CMAKE_TRY_COMPILE.xcodeproj" "build" "-target" "cmTC_18f91" "-configuration" "Debug"]
  ignore line: [=== BUILD TARGET cmTC_18f91 OF PROJECT CMAKE_TRY_COMPILE WITH CONFIGURATION Debug ===]
  ignore line: []
  ignore line: [Check dependencies]
  ignore line: []
  ignore line: [Write auxiliary files]
  ignore line: [/bin/mkdir -p /Users/zhoushiwei/Dropbox/dlib-18.10/build/CMakeFiles/CMakeTmp/CMAKE_TRY_COMPILE.build/Debug/cmTC_18f91.build/Objects-normal/x86_64]
  ignore line: [write-file /Users/zhoushiwei/Dropbox/dlib-18.10/build/CMakeFiles/CMakeTmp/CMAKE_TRY_COMPILE.build/Debug/cmTC_18f91.build/Objects-normal/x86_64/cmTC_18f91.LinkFileList]
  ignore line: []
  ignore line: [CompileC /Users/zhoushiwei/Dropbox/dlib-18.10/build/CMakeFiles/CMakeTmp/CMAKE_TRY_COMPILE.build/Debug/cmTC_18f91.build/Objects-normal/x86_64/CMakeCXXCompilerABI.o /Applications/CMake.app/Contents/share/cmake-3.3/Modules/CMakeCXXCompilerABI.cpp normal x86_64 c++ com.apple.compilers.llvm.clang.1_0.compiler]
  ignore line: [    cd /Users/zhoushiwei/Dropbox/dlib-18.10/Build/CMakeFiles/CMakeTmp]
  ignore line: [    export LANG=en_US.US-ASCII]
  ignore line: [    /Applications/Xcode.app/Contents/Developer/Toolchains/XcodeDefault.xctoolchain/usr/bin/clang -x c++ -arch x86_64 -fmessage-length=0 -fdiagnostics-show-note-include-stack -fmacro-backtrace-limit=0 -Wno-trigraphs -fpascal-strings -O0 -Wno-missing-field-initializers -Wno-missing-prototypes -Wno-return-type -Wno-non-virtual-dtor -Wno-overloaded-virtual -Wno-exit-time-destructors -Wno-missing-braces -Wparentheses -Wswitch -Wno-unused-function -Wno-unused-label -Wno-unused-parameter -Wno-unused-variable -Wunused-value -Wno-empty-body -Wno-uninitialized -Wno-unknown-pragmas -Wno-shadow -Wno-four-char-constants -Wno-conversion -Wno-constant-conversion -Wno-int-conversion -Wno-bool-conversion -Wno-enum-conversion -Wno-shorten-64-to-32 -Wno-newline-eof -Wno-c++11-extensions -DCMAKE_INTDIR=\"Debug\" -isysroot /Applications/Xcode.app/Contents/Developer/Platforms/MacOSX.platform/Developer/SDKs/MacOSX10.10.sdk -fasm-blocks -fstrict-aliasing -Wdeprecated-declarations -Winvalid-offsetof -mmacosx-version-min=10.10 -g -Wno-sign-conversion -I/Users/zhoushiwei/Dropbox/dlib-18.10/build/CMakeFiles/CMakeTmp/Debug/include -I/Applications/Xcode.app/Contents/Developer/Toolchains/XcodeDefault.xctoolchain/usr/include -I/Users/zhoushiwei/Dropbox/dlib-18.10/build/CMakeFiles/CMakeTmp/CMAKE_TRY_COMPILE.build/Debug/cmTC_18f91.build/DerivedSources/x86_64 -I/Users/zhoushiwei/Dropbox/dlib-18.10/build/CMakeFiles/CMakeTmp/CMAKE_TRY_COMPILE.build/Debug/cmTC_18f91.build/DerivedSources -Wmost -Wno-four-char-constants -Wno-unknown-pragmas -F/Users/zhoushiwei/Dropbox/dlib-18.10/build/CMakeFiles/CMakeTmp/Debug -DDLIB_PNG_SUPPORT -DDLIB_JPEG_SUPPORT -DDLIB_USE_BLAS -DDLIB_USE_LAPACK -MMD -MT dependencies -MF /Users/zhoushiwei/Dropbox/dlib-18.10/build/CMakeFiles/CMakeTmp/CMAKE_TRY_COMPILE.build/Debug/cmTC_18f91.build/Objects-normal/x86_64/CMakeCXXCompilerABI.d --serialize-diagnostics /Users/zhoushiwei/Dropbox/dlib-18.10/build/CMakeFiles/CMakeTmp/CMAKE_TRY_COMPILE.build/Debug/cmTC_18f91.build/Objects-normal/x86_64/CMakeCXXCompilerABI.dia -c /Applications/CMake.app/Contents/share/cmake-3.3/Modules/CMakeCXXCompilerABI.cpp -o /Users/zhoushiwei/Dropbox/dlib-18.10/build/CMakeFiles/CMakeTmp/CMAKE_TRY_COMPILE.build/Debug/cmTC_18f91.build/Objects-normal/x86_64/CMakeCXXCompilerABI.o]
  ignore line: []
  ignore line: [Ld /Users/zhoushiwei/Dropbox/dlib-18.10/build/CMakeFiles/CMakeTmp/Debug/cmTC_18f91 normal x86_64]
  ignore line: [    cd /Users/zhoushiwei/Dropbox/dlib-18.10/Build/CMakeFiles/CMakeTmp]
  ignore line: [    export MACOSX_DEPLOYMENT_TARGET=10.10]
  ignore line: [    /Applications/Xcode.app/Contents/Developer/Toolchains/XcodeDefault.xctoolchain/usr/bin/clang++ -arch x86_64 -isysroot /Applications/Xcode.app/Contents/Developer/Platforms/MacOSX.platform/Developer/SDKs/MacOSX10.10.sdk -L/Users/zhoushiwei/Dropbox/dlib-18.10/build/CMakeFiles/CMakeTmp/Debug -F/Users/zhoushiwei/Dropbox/dlib-18.10/build/CMakeFiles/CMakeTmp/Debug -filelist /Users/zhoushiwei/Dropbox/dlib-18.10/build/CMakeFiles/CMakeTmp/CMAKE_TRY_COMPILE.build/Debug/cmTC_18f91.build/Objects-normal/x86_64/cmTC_18f91.LinkFileList -mmacosx-version-min=10.10 -v -Wl,-v -Wl,-search_paths_first -Wl,-headerpad_max_install_names -Xlinker -dependency_info -Xlinker /Users/zhoushiwei/Dropbox/dlib-18.10/build/CMakeFiles/CMakeTmp/CMAKE_TRY_COMPILE.build/Debug/cmTC_18f91.build/Objects-normal/x86_64/cmTC_18f91_dependency_info.dat -o /Users/zhoushiwei/Dropbox/dlib-18.10/build/CMakeFiles/CMakeTmp/Debug/cmTC_18f91]
  ignore line: [Apple LLVM version 6.1.0 (clang-602.0.53) (based on LLVM 3.6.0svn)]
  ignore line: [Target: x86_64-apple-darwin14.3.0]
  ignore line: [Thread model: posix]
  reduced line: [ "/Applications/Xcode.app/Contents/Developer/Toolchains/XcodeDefault.xctoolchain/usr/bin/ld" -demangle -dynamic -arch x86_64 -macosx_version_min 10.10.0 -syslibroot /Applications/Xcode.app/Contents/Developer/Platforms/MacOSX.platform/Developer/SDKs/MacOSX10.10.sdk -o /Users/zhoushiwei/Dropbox/dlib-18.10/build/CMakeFiles/CMakeTmp/Debug/cmTC_18f91 -L/Users/zhoushiwei/Dropbox/dlib-18.10/build/CMakeFiles/CMakeTmp/Debug -filelist /Users/zhoushiwei/Dropbox/dlib-18.10/build/CMakeFiles/CMakeTmp/CMAKE_TRY_COMPILE.build/Debug/cmTC_18f91.build/Objects-normal/x86_64/cmTC_18f91.LinkFileList -v -search_paths_first -headerpad_max_install_names -dependency_info /Users/zhoushiwei/Dropbox/dlib-18.10/build/CMakeFiles/CMakeTmp/CMAKE_TRY_COMPILE.build/Debug/cmTC_18f91.build/Objects-normal/x86_64/cmTC_18f91_dependency_info.dat -lc++ -lSystem /Applications/Xcode.app/Contents/Developer/Toolchains/XcodeDefault.xctoolchain/usr/bin/../lib/clang/6.1.0/lib/darwin/libclang_rt.osx.a -F/Users/zhoushiwei/Dropbox/dlib-18.10/build/CMakeFiles/CMakeTmp/Debug]
            to: [ "/Applications/Xcode.app/Contents/Developer/Toolchains/XcodeDefault.xctoolchain/usr/bin/ld" -demangle -dynamic -arch x86_64 -macosx_version_min 10.10.0 -syslibroot /Applications/Xcode.app/Contents/Developer/Platforms/MacOSX.platform/Developer/SDKs/MacOSX10.10.sdk -o /Users/zhoushiwei/Dropbox/dlib-18.10/build/CMakeFiles/CMakeTmp/Debug/cmTC_18f91 -filelist /Users/zhoushiwei/Dropbox/dlib-18.10/build/CMakeFiles/CMakeTmp/CMAKE_TRY_COMPILE.build/Debug/cmTC_18f91.build/Objects-normal/x86_64/cmTC_18f91.LinkFileList -v -search_paths_first -headerpad_max_install_names -dependency_info /Users/zhoushiwei/Dropbox/dlib-18.10/build/CMakeFiles/CMakeTmp/CMAKE_TRY_COMPILE.build/Debug/cmTC_18f91.build/Objects-normal/x86_64/cmTC_18f91_dependency_info.dat -lc++ -lSystem /Applications/Xcode.app/Contents/Developer/Toolchains/XcodeDefault.xctoolchain/usr/bin/../lib/clang/6.1.0/lib/darwin/libclang_rt.osx.a ]
  link line: [ "/Applications/Xcode.app/Contents/Developer/Toolchains/XcodeDefault.xctoolchain/usr/bin/ld" -demangle -dynamic -arch x86_64 -macosx_version_min 10.10.0 -syslibroot /Applications/Xcode.app/Contents/Developer/Platforms/MacOSX.platform/Developer/SDKs/MacOSX10.10.sdk -o /Users/zhoushiwei/Dropbox/dlib-18.10/build/CMakeFiles/CMakeTmp/Debug/cmTC_18f91 -filelist /Users/zhoushiwei/Dropbox/dlib-18.10/build/CMakeFiles/CMakeTmp/CMAKE_TRY_COMPILE.build/Debug/cmTC_18f91.build/Objects-normal/x86_64/cmTC_18f91.LinkFileList -v -search_paths_first -headerpad_max_install_names -dependency_info /Users/zhoushiwei/Dropbox/dlib-18.10/build/CMakeFiles/CMakeTmp/CMAKE_TRY_COMPILE.build/Debug/cmTC_18f91.build/Objects-normal/x86_64/cmTC_18f91_dependency_info.dat -lc++ -lSystem /Applications/Xcode.app/Contents/Developer/Toolchains/XcodeDefault.xctoolchain/usr/bin/../lib/clang/6.1.0/lib/darwin/libclang_rt.osx.a ]
    arg [/Applications/Xcode.app/Contents/Developer/Toolchains/XcodeDefault.xctoolchain/usr/bin/ld] ==> ignore
    arg [-demangle] ==> ignore
    arg [-dynamic] ==> ignore
    arg [-arch] ==> ignore
    arg [x86_64] ==> ignore
    arg [-macosx_version_min] ==> ignore
    arg [10.10.0] ==> ignore
    arg [-syslibroot] ==> ignore
    arg [/Applications/Xcode.app/Contents/Developer/Platforms/MacOSX.platform/Developer/SDKs/MacOSX10.10.sdk] ==> ignore
    arg [-o] ==> ignore
    arg [/Users/zhoushiwei/Dropbox/dlib-18.10/build/CMakeFiles/CMakeTmp/Debug/cmTC_18f91] ==> ignore
    arg [-filelist] ==> ignore
    arg [/Users/zhoushiwei/Dropbox/dlib-18.10/build/CMakeFiles/CMakeTmp/CMAKE_TRY_COMPILE.build/Debug/cmTC_18f91.build/Objects-normal/x86_64/cmTC_18f91.LinkFileList] ==> ignore
    arg [-v] ==> ignore
    arg [-search_paths_first] ==> ignore
    arg [-headerpad_max_install_names] ==> ignore
    arg [-dependency_info] ==> ignore
    arg [/Users/zhoushiwei/Dropbox/dlib-18.10/build/CMakeFiles/CMakeTmp/CMAKE_TRY_COMPILE.build/Debug/cmTC_18f91.build/Objects-normal/x86_64/cmTC_18f91_dependency_info.dat] ==> ignore
    arg [-lc++] ==> lib [c++]
    arg [-lSystem] ==> lib [System]
    arg [/Applications/Xcode.app/Contents/Developer/Toolchains/XcodeDefault.xctoolchain/usr/bin/../lib/clang/6.1.0/lib/darwin/libclang_rt.osx.a] ==> lib [/Applications/Xcode.app/Contents/Developer/Toolchains/XcodeDefault.xctoolchain/usr/bin/../lib/clang/6.1.0/lib/darwin/libclang_rt.osx.a]
  Library search paths: [;/Users/zhoushiwei/Dropbox/dlib-18.10/build/CMakeFiles/CMakeTmp/Debug;/Applications/Xcode.app/Contents/Developer/Platforms/MacOSX.platform/Developer/SDKs/MacOSX10.10.sdk/usr/lib]
  Framework search paths: [;/Users/zhoushiwei/Dropbox/dlib-18.10/build/CMakeFiles/CMakeTmp/Debug;/Applications/Xcode.app/Contents/Developer/Platforms/MacOSX.platform/Developer/SDKs/MacOSX10.10.sdk/System/Library/Frameworks/]
  remove lib [System]
  collapse lib [/Applications/Xcode.app/Contents/Developer/Toolchains/XcodeDefault.xctoolchain/usr/bin/../lib/clang/6.1.0/lib/darwin/libclang_rt.osx.a] ==> [/Applications/Xcode.app/Contents/Developer/Toolchains/XcodeDefault.xctoolchain/usr/lib/clang/6.1.0/lib/darwin/libclang_rt.osx.a]
  collapse library dir [/Users/zhoushiwei/Dropbox/dlib-18.10/build/CMakeFiles/CMakeTmp/Debug] ==> [/Users/zhoushiwei/Dropbox/dlib-18.10/build/CMakeFiles/CMakeTmp/Debug], skipping non-system directory
  collapse library dir [/Applications/Xcode.app/Contents/Developer/Platforms/MacOSX.platform/Developer/SDKs/MacOSX10.10.sdk/usr/lib] ==> [/Applications/Xcode.app/Contents/Developer/Platforms/MacOSX.platform/Developer/SDKs/MacOSX10.10.sdk/usr/lib]
  collapse framework dir [/Users/zhoushiwei/Dropbox/dlib-18.10/build/CMakeFiles/CMakeTmp/Debug] ==> [/Users/zhoushiwei/Dropbox/dlib-18.10/build/CMakeFiles/CMakeTmp/Debug], skipping non-system directory
  collapse framework dir [/Applications/Xcode.app/Contents/Developer/Platforms/MacOSX.platform/Developer/SDKs/MacOSX10.10.sdk/System/Library/Frameworks/] ==> [/Applications/Xcode.app/Contents/Developer/Platforms/MacOSX.platform/Developer/SDKs/MacOSX10.10.sdk/System/Library/Frameworks]
  implicit libs: [c++;/Applications/Xcode.app/Contents/Developer/Toolchains/XcodeDefault.xctoolchain/usr/lib/clang/6.1.0/lib/darwin/libclang_rt.osx.a]
  implicit dirs: [/Applications/Xcode.app/Contents/Developer/Platforms/MacOSX.platform/Developer/SDKs/MacOSX10.10.sdk/usr/lib]
  implicit fwks: [/Applications/Xcode.app/Contents/Developer/Platforms/MacOSX.platform/Developer/SDKs/MacOSX10.10.sdk/System/Library/Frameworks]




Detecting CXX [-std=c++1y] compiler features compiled with the following output:
Change Dir: /Users/zhoushiwei/Dropbox/dlib-18.10/build/CMakeFiles/CMakeTmp

Run Build Command:"/Applications/CMake.app/Contents/bin/cmakexbuild" "-project" "CMAKE_TRY_COMPILE.xcodeproj" "build" "-target" "cmTC_30e7b" "-configuration" "Debug"
=== BUILD TARGET cmTC_30e7b OF PROJECT CMAKE_TRY_COMPILE WITH CONFIGURATION Debug ===

Check dependencies

Write auxiliary files
/bin/mkdir -p /Users/zhoushiwei/Dropbox/dlib-18.10/build/CMakeFiles/CMakeTmp/CMAKE_TRY_COMPILE.build/Debug/cmTC_30e7b.build/Objects-normal/x86_64
write-file /Users/zhoushiwei/Dropbox/dlib-18.10/build/CMakeFiles/CMakeTmp/CMAKE_TRY_COMPILE.build/Debug/cmTC_30e7b.build/Objects-normal/x86_64/cmTC_30e7b.LinkFileList

CompileC /Users/zhoushiwei/Dropbox/dlib-18.10/build/CMakeFiles/CMakeTmp/CMAKE_TRY_COMPILE.build/Debug/cmTC_30e7b.build/Objects-normal/x86_64/feature_tests.o /Users/zhoushiwei/Dropbox/dlib-18.10/Build/CMakeFiles/feature_tests.cxx normal x86_64 c++ com.apple.compilers.llvm.clang.1_0.compiler
    cd /Users/zhoushiwei/Dropbox/dlib-18.10/Build/CMakeFiles/CMakeTmp
    export LANG=en_US.US-ASCII
    /Applications/Xcode.app/Contents/Developer/Toolchains/XcodeDefault.xctoolchain/usr/bin/clang -x c++ -arch x86_64 -fmessage-length=0 -fdiagnostics-show-note-include-stack -fmacro-backtrace-limit=0 -Wno-trigraphs -fpascal-strings -O0 -Wno-missing-field-initializers -Wno-missing-prototypes -Wno-return-type -Wno-non-virtual-dtor -Wno-overloaded-virtual -Wno-exit-time-destructors -Wno-missing-braces -Wparentheses -Wswitch -Wno-unused-function -Wno-unused-label -Wno-unused-parameter -Wno-unused-variable -Wunused-value -Wno-empty-body -Wno-uninitialized -Wno-unknown-pragmas -Wno-shadow -Wno-four-char-constants -Wno-conversion -Wno-constant-conversion -Wno-int-conversion -Wno-bool-conversion -Wno-enum-conversion -Wno-shorten-64-to-32 -Wno-newline-eof -Wno-c++11-extensions -DCMAKE_INTDIR=\"Debug\" -isysroot /Applications/Xcode.app/Contents/Developer/Platforms/MacOSX.platform/Developer/SDKs/MacOSX10.10.sdk -fasm-blocks -fstrict-aliasing -Wdeprecated-declarations -Winvalid-offsetof -mmacosx-version-min=10.10 -g -Wno-sign-conversion -I/Users/zhoushiwei/Dropbox/dlib-18.10/build/CMakeFiles/CMakeTmp/Debug/include -I/Applications/Xcode.app/Contents/Developer/Toolchains/XcodeDefault.xctoolchain/usr/include -I/Users/zhoushiwei/Dropbox/dlib-18.10/build/CMakeFiles/CMakeTmp/CMAKE_TRY_COMPILE.build/Debug/cmTC_30e7b.build/DerivedSources/x86_64 -I/Users/zhoushiwei/Dropbox/dlib-18.10/build/CMakeFiles/CMakeTmp/CMAKE_TRY_COMPILE.build/Debug/cmTC_30e7b.build/DerivedSources -Wmost -Wno-four-char-constants -Wno-unknown-pragmas -F/Users/zhoushiwei/Dropbox/dlib-18.10/build/CMakeFiles/CMakeTmp/Debug -DDLIB_PNG_SUPPORT -DDLIB_JPEG_SUPPORT -DDLIB_USE_BLAS -DDLIB_USE_LAPACK -std=c++1y -MMD -MT dependencies -MF /Users/zhoushiwei/Dropbox/dlib-18.10/build/CMakeFiles/CMakeTmp/CMAKE_TRY_COMPILE.build/Debug/cmTC_30e7b.build/Objects-normal/x86_64/feature_tests.d --serialize-diagnostics /Users/zhoushiwei/Dropbox/dlib-18.10/build/CMakeFiles/CMakeTmp/CMAKE_TRY_COMPILE.build/Debug/cmTC_30e7b.build/Objects-normal/x86_64/feature_tests.dia -c /Users/zhoushiwei/Dropbox/dlib-18.10/Build/CMakeFiles/feature_tests.cxx -o /Users/zhoushiwei/Dropbox/dlib-18.10/build/CMakeFiles/CMakeTmp/CMAKE_TRY_COMPILE.build/Debug/cmTC_30e7b.build/Objects-normal/x86_64/feature_tests.o

Ld /Users/zhoushiwei/Dropbox/dlib-18.10/build/CMakeFiles/CMakeTmp/Debug/cmTC_30e7b normal x86_64
    cd /Users/zhoushiwei/Dropbox/dlib-18.10/Build/CMakeFiles/CMakeTmp
    export MACOSX_DEPLOYMENT_TARGET=10.10
    /Applications/Xcode.app/Contents/Developer/Toolchains/XcodeDefault.xctoolchain/usr/bin/clang++ -arch x86_64 -isysroot /Applications/Xcode.app/Contents/Developer/Platforms/MacOSX.platform/Developer/SDKs/MacOSX10.10.sdk -L/Users/zhoushiwei/Dropbox/dlib-18.10/build/CMakeFiles/CMakeTmp/Debug -F/Users/zhoushiwei/Dropbox/dlib-18.10/build/CMakeFiles/CMakeTmp/Debug -filelist /Users/zhoushiwei/Dropbox/dlib-18.10/build/CMakeFiles/CMakeTmp/CMAKE_TRY_COMPILE.build/Debug/cmTC_30e7b.build/Objects-normal/x86_64/cmTC_30e7b.LinkFileList -mmacosx-version-min=10.10 -Wl,-search_paths_first -Wl,-headerpad_max_install_names -Xlinker -dependency_info -Xlinker /Users/zhoushiwei/Dropbox/dlib-18.10/build/CMakeFiles/CMakeTmp/CMAKE_TRY_COMPILE.build/Debug/cmTC_30e7b.build/Objects-normal/x86_64/cmTC_30e7b_dependency_info.dat -o /Users/zhoushiwei/Dropbox/dlib-18.10/build/CMakeFiles/CMakeTmp/Debug/cmTC_30e7b

** BUILD SUCCEEDED **



    Feature record: CXX_FEATURE:1cxx_aggregate_default_initializers
    Feature record: CXX_FEATURE:1cxx_alias_templates
    Feature record: CXX_FEATURE:1cxx_alignas
    Feature record: CXX_FEATURE:1cxx_alignof
    Feature record: CXX_FEATURE:1cxx_attributes
    Feature record: CXX_FEATURE:1cxx_attribute_deprecated
    Feature record: CXX_FEATURE:1cxx_auto_type
    Feature record: CXX_FEATURE:1cxx_binary_literals
    Feature record: CXX_FEATURE:1cxx_constexpr
    Feature record: CXX_FEATURE:1cxx_contextual_conversions
    Feature record: CXX_FEATURE:1cxx_decltype
    Feature record: CXX_FEATURE:1cxx_decltype_auto
    Feature record: CXX_FEATURE:1cxx_decltype_incomplete_return_types
    Feature record: CXX_FEATURE:1cxx_default_function_template_args
    Feature record: CXX_FEATURE:1cxx_defaulted_functions
    Feature record: CXX_FEATURE:1cxx_defaulted_move_initializers
    Feature record: CXX_FEATURE:1cxx_delegating_constructors
    Feature record: CXX_FEATURE:1cxx_deleted_functions
    Feature record: CXX_FEATURE:1cxx_digit_separators
    Feature record: CXX_FEATURE:1cxx_enum_forward_declarations
    Feature record: CXX_FEATURE:1cxx_explicit_conversions
    Feature record: CXX_FEATURE:1cxx_extended_friend_declarations
    Feature record: CXX_FEATURE:1cxx_extern_templates
    Feature record: CXX_FEATURE:1cxx_final
    Feature record: CXX_FEATURE:1cxx_func_identifier
    Feature record: CXX_FEATURE:1cxx_generalized_initializers
    Feature record: CXX_FEATURE:1cxx_generic_lambdas
    Feature record: CXX_FEATURE:1cxx_inheriting_constructors
    Feature record: CXX_FEATURE:1cxx_inline_namespaces
    Feature record: CXX_FEATURE:1cxx_lambdas
    Feature record: CXX_FEATURE:1cxx_lambda_init_captures
    Feature record: CXX_FEATURE:1cxx_local_type_template_args
    Feature record: CXX_FEATURE:1cxx_long_long_type
    Feature record: CXX_FEATURE:1cxx_noexcept
    Feature record: CXX_FEATURE:1cxx_nonstatic_member_init
    Feature record: CXX_FEATURE:1cxx_nullptr
    Feature record: CXX_FEATURE:1cxx_override
    Feature record: CXX_FEATURE:1cxx_range_for
    Feature record: CXX_FEATURE:1cxx_raw_string_literals
    Feature record: CXX_FEATURE:1cxx_reference_qualified_functions
    Feature record: CXX_FEATURE:1cxx_relaxed_constexpr
    Feature record: CXX_FEATURE:1cxx_return_type_deduction
    Feature record: CXX_FEATURE:1cxx_right_angle_brackets
    Feature record: CXX_FEATURE:1cxx_rvalue_references
    Feature record: CXX_FEATURE:1cxx_sizeof_member
    Feature record: CXX_FEATURE:1cxx_static_assert
    Feature record: CXX_FEATURE:1cxx_strong_enums
    Feature record: CXX_FEATURE:1cxx_template_template_parameters
    Feature record: CXX_FEATURE:0cxx_thread_local
    Feature record: CXX_FEATURE:1cxx_trailing_return_types
    Feature record: CXX_FEATURE:1cxx_unicode_literals
    Feature record: CXX_FEATURE:1cxx_uniform_initialization
    Feature record: CXX_FEATURE:1cxx_unrestricted_unions
    Feature record: CXX_FEATURE:1cxx_user_literals
    Feature record: CXX_FEATURE:1cxx_variable_templates
    Feature record: CXX_FEATURE:1cxx_variadic_macros
    Feature record: CXX_FEATURE:1cxx_variadic_templates


Detecting CXX [-std=c++11] compiler features compiled with the following output:
Change Dir: /Users/zhoushiwei/Dropbox/dlib-18.10/build/CMakeFiles/CMakeTmp

Run Build Command:"/Applications/CMake.app/Contents/bin/cmakexbuild" "-project" "CMAKE_TRY_COMPILE.xcodeproj" "build" "-target" "cmTC_b2705" "-configuration" "Debug"
=== BUILD TARGET cmTC_b2705 OF PROJECT CMAKE_TRY_COMPILE WITH CONFIGURATION Debug ===

Check dependencies

Write auxiliary files
/bin/mkdir -p /Users/zhoushiwei/Dropbox/dlib-18.10/build/CMakeFiles/CMakeTmp/CMAKE_TRY_COMPILE.build/Debug/cmTC_b2705.build/Objects-normal/x86_64
write-file /Users/zhoushiwei/Dropbox/dlib-18.10/build/CMakeFiles/CMakeTmp/CMAKE_TRY_COMPILE.build/Debug/cmTC_b2705.build/Objects-normal/x86_64/cmTC_b2705.LinkFileList

CompileC /Users/zhoushiwei/Dropbox/dlib-18.10/build/CMakeFiles/CMakeTmp/CMAKE_TRY_COMPILE.build/Debug/cmTC_b2705.build/Objects-normal/x86_64/feature_tests.o /Users/zhoushiwei/Dropbox/dlib-18.10/Build/CMakeFiles/feature_tests.cxx normal x86_64 c++ com.apple.compilers.llvm.clang.1_0.compiler
    cd /Users/zhoushiwei/Dropbox/dlib-18.10/Build/CMakeFiles/CMakeTmp
    export LANG=en_US.US-ASCII
    /Applications/Xcode.app/Contents/Developer/Toolchains/XcodeDefault.xctoolchain/usr/bin/clang -x c++ -arch x86_64 -fmessage-length=0 -fdiagnostics-show-note-include-stack -fmacro-backtrace-limit=0 -Wno-trigraphs -fpascal-strings -O0 -Wno-missing-field-initializers -Wno-missing-prototypes -Wno-return-type -Wno-non-virtual-dtor -Wno-overloaded-virtual -Wno-exit-time-destructors -Wno-missing-braces -Wparentheses -Wswitch -Wno-unused-function -Wno-unused-label -Wno-unused-parameter -Wno-unused-variable -Wunused-value -Wno-empty-body -Wno-uninitialized -Wno-unknown-pragmas -Wno-shadow -Wno-four-char-constants -Wno-conversion -Wno-constant-conversion -Wno-int-conversion -Wno-bool-conversion -Wno-enum-conversion -Wno-shorten-64-to-32 -Wno-newline-eof -Wno-c++11-extensions -DCMAKE_INTDIR=\"Debug\" -isysroot /Applications/Xcode.app/Contents/Developer/Platforms/MacOSX.platform/Developer/SDKs/MacOSX10.10.sdk -fasm-blocks -fstrict-aliasing -Wdeprecated-declarations -Winvalid-offsetof -mmacosx-version-min=10.10 -g -Wno-sign-conversion -I/Users/zhoushiwei/Dropbox/dlib-18.10/build/CMakeFiles/CMakeTmp/Debug/include -I/Applications/Xcode.app/Contents/Developer/Toolchains/XcodeDefault.xctoolchain/usr/include -I/Users/zhoushiwei/Dropbox/dlib-18.10/build/CMakeFiles/CMakeTmp/CMAKE_TRY_COMPILE.build/Debug/cmTC_b2705.build/DerivedSources/x86_64 -I/Users/zhoushiwei/Dropbox/dlib-18.10/build/CMakeFiles/CMakeTmp/CMAKE_TRY_COMPILE.build/Debug/cmTC_b2705.build/DerivedSources -Wmost -Wno-four-char-constants -Wno-unknown-pragmas -F/Users/zhoushiwei/Dropbox/dlib-18.10/build/CMakeFiles/CMakeTmp/Debug -DDLIB_PNG_SUPPORT -DDLIB_JPEG_SUPPORT -DDLIB_USE_BLAS -DDLIB_USE_LAPACK -std=c++11 -MMD -MT dependencies -MF /Users/zhoushiwei/Dropbox/dlib-18.10/build/CMakeFiles/CMakeTmp/CMAKE_TRY_COMPILE.build/Debug/cmTC_b2705.build/Objects-normal/x86_64/feature_tests.d --serialize-diagnostics /Users/zhoushiwei/Dropbox/dlib-18.10/build/CMakeFiles/CMakeTmp/CMAKE_TRY_COMPILE.build/Debug/cmTC_b2705.build/Objects-normal/x86_64/feature_tests.dia -c /Users/zhoushiwei/Dropbox/dlib-18.10/Build/CMakeFiles/feature_tests.cxx -o /Users/zhoushiwei/Dropbox/dlib-18.10/build/CMakeFiles/CMakeTmp/CMAKE_TRY_COMPILE.build/Debug/cmTC_b2705.build/Objects-normal/x86_64/feature_tests.o

Ld /Users/zhoushiwei/Dropbox/dlib-18.10/build/CMakeFiles/CMakeTmp/Debug/cmTC_b2705 normal x86_64
    cd /Users/zhoushiwei/Dropbox/dlib-18.10/Build/CMakeFiles/CMakeTmp
    export MACOSX_DEPLOYMENT_TARGET=10.10
    /Applications/Xcode.app/Contents/Developer/Toolchains/XcodeDefault.xctoolchain/usr/bin/clang++ -arch x86_64 -isysroot /Applications/Xcode.app/Contents/Developer/Platforms/MacOSX.platform/Developer/SDKs/MacOSX10.10.sdk -L/Users/zhoushiwei/Dropbox/dlib-18.10/build/CMakeFiles/CMakeTmp/Debug -F/Users/zhoushiwei/Dropbox/dlib-18.10/build/CMakeFiles/CMakeTmp/Debug -filelist /Users/zhoushiwei/Dropbox/dlib-18.10/build/CMakeFiles/CMakeTmp/CMAKE_TRY_COMPILE.build/Debug/cmTC_b2705.build/Objects-normal/x86_64/cmTC_b2705.LinkFileList -mmacosx-version-min=10.10 -Wl,-search_paths_first -Wl,-headerpad_max_install_names -Xlinker -dependency_info -Xlinker /Users/zhoushiwei/Dropbox/dlib-18.10/build/CMakeFiles/CMakeTmp/CMAKE_TRY_COMPILE.build/Debug/cmTC_b2705.build/Objects-normal/x86_64/cmTC_b2705_dependency_info.dat -o /Users/zhoushiwei/Dropbox/dlib-18.10/build/CMakeFiles/CMakeTmp/Debug/cmTC_b2705

** BUILD SUCCEEDED **



    Feature record: CXX_FEATURE:0cxx_aggregate_default_initializers
    Feature record: CXX_FEATURE:1cxx_alias_templates
    Feature record: CXX_FEATURE:1cxx_alignas
    Feature record: CXX_FEATURE:1cxx_alignof
    Feature record: CXX_FEATURE:1cxx_attributes
    Feature record: CXX_FEATURE:0cxx_attribute_deprecated
    Feature record: CXX_FEATURE:1cxx_auto_type
    Feature record: CXX_FEATURE:0cxx_binary_literals
    Feature record: CXX_FEATURE:1cxx_constexpr
    Feature record: CXX_FEATURE:0cxx_contextual_conversions
    Feature record: CXX_FEATURE:1cxx_decltype
    Feature record: CXX_FEATURE:0cxx_decltype_auto
    Feature record: CXX_FEATURE:1cxx_decltype_incomplete_return_types
    Feature record: CXX_FEATURE:1cxx_default_function_template_args
    Feature record: CXX_FEATURE:1cxx_defaulted_functions
    Feature record: CXX_FEATURE:1cxx_defaulted_move_initializers
    Feature record: CXX_FEATURE:1cxx_delegating_constructors
    Feature record: CXX_FEATURE:1cxx_deleted_functions
    Feature record: CXX_FEATURE:0cxx_digit_separators
    Feature record: CXX_FEATURE:1cxx_enum_forward_declarations
    Feature record: CXX_FEATURE:1cxx_explicit_conversions
    Feature record: CXX_FEATURE:1cxx_extended_friend_declarations
    Feature record: CXX_FEATURE:1cxx_extern_templates
    Feature record: CXX_FEATURE:1cxx_final
    Feature record: CXX_FEATURE:1cxx_func_identifier
    Feature record: CXX_FEATURE:1cxx_generalized_initializers
    Feature record: CXX_FEATURE:0cxx_generic_lambdas
    Feature record: CXX_FEATURE:1cxx_inheriting_constructors
    Feature record: CXX_FEATURE:1cxx_inline_namespaces
    Feature record: CXX_FEATURE:1cxx_lambdas
    Feature record: CXX_FEATURE:0cxx_lambda_init_captures
    Feature record: CXX_FEATURE:1cxx_local_type_template_args
    Feature record: CXX_FEATURE:1cxx_long_long_type
    Feature record: CXX_FEATURE:1cxx_noexcept
    Feature record: CXX_FEATURE:1cxx_nonstatic_member_init
    Feature record: CXX_FEATURE:1cxx_nullptr
    Feature record: CXX_FEATURE:1cxx_override
    Feature record: CXX_FEATURE:1cxx_range_for
    Feature record: CXX_FEATURE:1cxx_raw_string_literals
    Feature record: CXX_FEATURE:1cxx_reference_qualified_functions
    Feature record: CXX_FEATURE:0cxx_relaxed_constexpr
    Feature record: CXX_FEATURE:0cxx_return_type_deduction
    Feature record: CXX_FEATURE:1cxx_right_angle_brackets
    Feature record: CXX_FEATURE:1cxx_rvalue_references
    Feature record: CXX_FEATURE:1cxx_sizeof_member
    Feature record: CXX_FEATURE:1cxx_static_assert
    Feature record: CXX_FEATURE:1cxx_strong_enums
    Feature record: CXX_FEATURE:1cxx_template_template_parameters
    Feature record: CXX_FEATURE:0cxx_thread_local
    Feature record: CXX_FEATURE:1cxx_trailing_return_types
    Feature record: CXX_FEATURE:1cxx_unicode_literals
    Feature record: CXX_FEATURE:1cxx_uniform_initialization
    Feature record: CXX_FEATURE:1cxx_unrestricted_unions
    Feature record: CXX_FEATURE:1cxx_user_literals
    Feature record: CXX_FEATURE:0cxx_variable_templates
    Feature record: CXX_FEATURE:1cxx_variadic_macros
    Feature record: CXX_FEATURE:1cxx_variadic_templates


Detecting CXX [-std=c++98] compiler features compiled with the following output:
Change Dir: /Users/zhoushiwei/Dropbox/dlib-18.10/build/CMakeFiles/CMakeTmp

Run Build Command:"/Applications/CMake.app/Contents/bin/cmakexbuild" "-project" "CMAKE_TRY_COMPILE.xcodeproj" "build" "-target" "cmTC_30b73" "-configuration" "Debug"
=== BUILD TARGET cmTC_30b73 OF PROJECT CMAKE_TRY_COMPILE WITH CONFIGURATION Debug ===

Check dependencies

Write auxiliary files
/bin/mkdir -p /Users/zhoushiwei/Dropbox/dlib-18.10/build/CMakeFiles/CMakeTmp/CMAKE_TRY_COMPILE.build/Debug/cmTC_30b73.build/Objects-normal/x86_64
write-file /Users/zhoushiwei/Dropbox/dlib-18.10/build/CMakeFiles/CMakeTmp/CMAKE_TRY_COMPILE.build/Debug/cmTC_30b73.build/Objects-normal/x86_64/cmTC_30b73.LinkFileList

CompileC /Users/zhoushiwei/Dropbox/dlib-18.10/build/CMakeFiles/CMakeTmp/CMAKE_TRY_COMPILE.build/Debug/cmTC_30b73.build/Objects-normal/x86_64/feature_tests.o /Users/zhoushiwei/Dropbox/dlib-18.10/Build/CMakeFiles/feature_tests.cxx normal x86_64 c++ com.apple.compilers.llvm.clang.1_0.compiler
    cd /Users/zhoushiwei/Dropbox/dlib-18.10/Build/CMakeFiles/CMakeTmp
    export LANG=en_US.US-ASCII
    /Applications/Xcode.app/Contents/Developer/Toolchains/XcodeDefault.xctoolchain/usr/bin/clang -x c++ -arch x86_64 -fmessage-length=0 -fdiagnostics-show-note-include-stack -fmacro-backtrace-limit=0 -Wno-trigraphs -fpascal-strings -O0 -Wno-missing-field-initializers -Wno-missing-prototypes -Wno-return-type -Wno-non-virtual-dtor -Wno-overloaded-virtual -Wno-exit-time-destructors -Wno-missing-braces -Wparentheses -Wswitch -Wno-unused-function -Wno-unused-label -Wno-unused-parameter -Wno-unused-variable -Wunused-value -Wno-empty-body -Wno-uninitialized -Wno-unknown-pragmas -Wno-shadow -Wno-four-char-constants -Wno-conversion -Wno-constant-conversion -Wno-int-conversion -Wno-bool-conversion -Wno-enum-conversion -Wno-shorten-64-to-32 -Wno-newline-eof -Wno-c++11-extensions -DCMAKE_INTDIR=\"Debug\" -isysroot /Applications/Xcode.app/Contents/Developer/Platforms/MacOSX.platform/Developer/SDKs/MacOSX10.10.sdk -fasm-blocks -fstrict-aliasing -Wdeprecated-declarations -Winvalid-offsetof -mmacosx-version-min=10.10 -g -Wno-sign-conversion -I/Users/zhoushiwei/Dropbox/dlib-18.10/build/CMakeFiles/CMakeTmp/Debug/include -I/Applications/Xcode.app/Contents/Developer/Toolchains/XcodeDefault.xctoolchain/usr/include -I/Users/zhoushiwei/Dropbox/dlib-18.10/build/CMakeFiles/CMakeTmp/CMAKE_TRY_COMPILE.build/Debug/cmTC_30b73.build/DerivedSources/x86_64 -I/Users/zhoushiwei/Dropbox/dlib-18.10/build/CMakeFiles/CMakeTmp/CMAKE_TRY_COMPILE.build/Debug/cmTC_30b73.build/DerivedSources -Wmost -Wno-four-char-constants -Wno-unknown-pragmas -F/Users/zhoushiwei/Dropbox/dlib-18.10/build/CMakeFiles/CMakeTmp/Debug -DDLIB_PNG_SUPPORT -DDLIB_JPEG_SUPPORT -DDLIB_USE_BLAS -DDLIB_USE_LAPACK -std=c++98 -MMD -MT dependencies -MF /Users/zhoushiwei/Dropbox/dlib-18.10/build/CMakeFiles/CMakeTmp/CMAKE_TRY_COMPILE.build/Debug/cmTC_30b73.build/Objects-normal/x86_64/feature_tests.d --serialize-diagnostics /Users/zhoushiwei/Dropbox/dlib-18.10/build/CMakeFiles/CMakeTmp/CMAKE_TRY_COMPILE.build/Debug/cmTC_30b73.build/Objects-normal/x86_64/feature_tests.dia -c /Users/zhoushiwei/Dropbox/dlib-18.10/Build/CMakeFiles/feature_tests.cxx -o /Users/zhoushiwei/Dropbox/dlib-18.10/build/CMakeFiles/CMakeTmp/CMAKE_TRY_COMPILE.build/Debug/cmTC_30b73.build/Objects-normal/x86_64/feature_tests.o

Ld /Users/zhoushiwei/Dropbox/dlib-18.10/build/CMakeFiles/CMakeTmp/Debug/cmTC_30b73 normal x86_64
    cd /Users/zhoushiwei/Dropbox/dlib-18.10/Build/CMakeFiles/CMakeTmp
    export MACOSX_DEPLOYMENT_TARGET=10.10
    /Applications/Xcode.app/Contents/Developer/Toolchains/XcodeDefault.xctoolchain/usr/bin/clang++ -arch x86_64 -isysroot /Applications/Xcode.app/Contents/Developer/Platforms/MacOSX.platform/Developer/SDKs/MacOSX10.10.sdk -L/Users/zhoushiwei/Dropbox/dlib-18.10/build/CMakeFiles/CMakeTmp/Debug -F/Users/zhoushiwei/Dropbox/dlib-18.10/build/CMakeFiles/CMakeTmp/Debug -filelist /Users/zhoushiwei/Dropbox/dlib-18.10/build/CMakeFiles/CMakeTmp/CMAKE_TRY_COMPILE.build/Debug/cmTC_30b73.build/Objects-normal/x86_64/cmTC_30b73.LinkFileList -mmacosx-version-min=10.10 -Wl,-search_paths_first -Wl,-headerpad_max_install_names -Xlinker -dependency_info -Xlinker /Users/zhoushiwei/Dropbox/dlib-18.10/build/CMakeFiles/CMakeTmp/CMAKE_TRY_COMPILE.build/Debug/cmTC_30b73.build/Objects-normal/x86_64/cmTC_30b73_dependency_info.dat -o /Users/zhoushiwei/Dropbox/dlib-18.10/build/CMakeFiles/CMakeTmp/Debug/cmTC_30b73

** BUILD SUCCEEDED **



    Feature record: CXX_FEATURE:0cxx_aggregate_default_initializers
    Feature record: CXX_FEATURE:0cxx_alias_templates
    Feature record: CXX_FEATURE:0cxx_alignas
    Feature record: CXX_FEATURE:0cxx_alignof
    Feature record: CXX_FEATURE:0cxx_attributes
    Feature record: CXX_FEATURE:0cxx_attribute_deprecated
    Feature record: CXX_FEATURE:0cxx_auto_type
    Feature record: CXX_FEATURE:0cxx_binary_literals
    Feature record: CXX_FEATURE:0cxx_constexpr
    Feature record: CXX_FEATURE:0cxx_contextual_conversions
    Feature record: CXX_FEATURE:0cxx_decltype
    Feature record: CXX_FEATURE:0cxx_decltype_auto
    Feature record: CXX_FEATURE:0cxx_decltype_incomplete_return_types
    Feature record: CXX_FEATURE:0cxx_default_function_template_args
    Feature record: CXX_FEATURE:0cxx_defaulted_functions
    Feature record: CXX_FEATURE:0cxx_defaulted_move_initializers
    Feature record: CXX_FEATURE:0cxx_delegating_constructors
    Feature record: CXX_FEATURE:0cxx_deleted_functions
    Feature record: CXX_FEATURE:0cxx_digit_separators
    Feature record: CXX_FEATURE:0cxx_enum_forward_declarations
    Feature record: CXX_FEATURE:0cxx_explicit_conversions
    Feature record: CXX_FEATURE:0cxx_extended_friend_declarations
    Feature record: CXX_FEATURE:0cxx_extern_templates
    Feature record: CXX_FEATURE:0cxx_final
    Feature record: CXX_FEATURE:0cxx_func_identifier
    Feature record: CXX_FEATURE:0cxx_generalized_initializers
    Feature record: CXX_FEATURE:0cxx_generic_lambdas
    Feature record: CXX_FEATURE:0cxx_inheriting_constructors
    Feature record: CXX_FEATURE:0cxx_inline_namespaces
    Feature record: CXX_FEATURE:0cxx_lambdas
    Feature record: CXX_FEATURE:0cxx_lambda_init_captures
    Feature record: CXX_FEATURE:0cxx_local_type_template_args
    Feature record: CXX_FEATURE:0cxx_long_long_type
    Feature record: CXX_FEATURE:0cxx_noexcept
    Feature record: CXX_FEATURE:0cxx_nonstatic_member_init
    Feature record: CXX_FEATURE:0cxx_nullptr
    Feature record: CXX_FEATURE:0cxx_override
    Feature record: CXX_FEATURE:0cxx_range_for
    Feature record: CXX_FEATURE:0cxx_raw_string_literals
    Feature record: CXX_FEATURE:0cxx_reference_qualified_functions
    Feature record: CXX_FEATURE:0cxx_relaxed_constexpr
    Feature record: CXX_FEATURE:0cxx_return_type_deduction
    Feature record: CXX_FEATURE:0cxx_right_angle_brackets
    Feature record: CXX_FEATURE:0cxx_rvalue_references
    Feature record: CXX_FEATURE:0cxx_sizeof_member
    Feature record: CXX_FEATURE:0cxx_static_assert
    Feature record: CXX_FEATURE:0cxx_strong_enums
    Feature record: CXX_FEATURE:1cxx_template_template_parameters
    Feature record: CXX_FEATURE:0cxx_thread_local
    Feature record: CXX_FEATURE:0cxx_trailing_return_types
    Feature record: CXX_FEATURE:0cxx_unicode_literals
    Feature record: CXX_FEATURE:0cxx_uniform_initialization
    Feature record: CXX_FEATURE:0cxx_unrestricted_unions
    Feature record: CXX_FEATURE:0cxx_user_literals
    Feature record: CXX_FEATURE:0cxx_variable_templates
    Feature record: CXX_FEATURE:0cxx_variadic_macros
    Feature record: CXX_FEATURE:0cxx_variadic_templates
